-5.27203 -5.27256
-6.74944 -6.74922
-7.42497 -7.42553
-7.73772 -7.73725
-6.98597 -6.99086
-8.86638 -8.86385
-7.01387 -7.0155
-5.29014 -5.29064
-8.63695 -8.63569
-7.02144 -7.02058
-5.17027 -5.1838
-7.1244 -7.12613
-7.60923 -7.61171
-7.10035 -7.10024
-5.50342 -5.50135
-6.73099 -6.72694
-6.67094 -6.66544
-6.3393 -6.33839
-5.35946 -5.35955
-7.36161 -7.36035
-8.94423 -8.94258
-8.18737 -8.19095
-6.30904 -6.30864
-7.37825 -7.3773
-5.35608 -5.35691
-5.27838 -5.28018
-6.73377 -6.73102
-7.05973 -7.05703
-7.65872 -7.65794
-8.67109 -8.67192
-8.70406 -8.70621
-6.22406 -6.22181
-6.45622 -6.45597
-7.04405 -7.04233
-7.13397 -7.13085
-7.37185 -7.36711
-5.20942 -5.21031
-8.67007 -8.67011
-6.98055 -6.98247
-5.12676 -5.1283
-7.11133 -7.11568
-8.21953 -8.21809
-5.81953 -5.81942
-6.45914 -6.45792
-6.88897 -6.88056
-5.97733 -5.97759
-7.87445 -7.87308
-8.05994 -8.04993
-5.85963 -5.86096
-7.9455 -7.94697
-6.62184 -6.61682
-8.65802 -8.65739
-7.19407 -7.19784
-7.88166 -7.88106
-8.63513 -8.63614
-7.19838 -7.19921
-7.02422 -7.02494
-8.20861 -8.2135
-7.05678 -7.0623
-7.49538 -7.49687
-6.79814 -6.80066
-5.24628 -5.24636
-7.03298 -7.02798
-8.50343 -8.50365
-7.70108 -7.69928
-7.54433 -7.54717
-7.87549 -7.87498
-6.29498 -6.29525
-8.5102 -8.51127
-8.86527 -8.87332
-7.14846 -7.15502
-7.10634 -7.10616
-6.50846 -6.50683
-5.59859 -5.59782
-7.21529 -7.21811
-7.05245 -7.05651
-7.85152 -7.85901
-7.95751 -7.95702
-6.49999 -6.49738
-7.18992 -7.19362
-5.15431 -5.15324
-7.02727 -7.02408
-7.19755 -7.20033
-7.05949 -7.05882
-6.25473 -6.25695
-7.24639 -7.24575
-7.19551 -7.19587
-7.04691 -7.04617
-5.90837 -5.90897
-5.27794 -5.27831
-8.65342 -8.65459
-7.0092 -7.0085
-7.09235 -7.09298
-5.41296 -5.41271
-6.82091 -6.81491
-7.01748 -7.0208
-6.81991 -6.81855
-8.48304 -8.48094
-4.53269 -4.52836
-7.02522 -7.01698
-5.88249 -5.88461
-5.35433 -5.35285
-6.79377 -6.79101
-6.29966 -6.29806
-7.13978 -7.14816
-5.95786 -5.96069
-5.21596 -5.21683
-7.1673 -7.16595
-6.84722 -6.84934
-8.49566 -8.50833
-6.22276 -6.22106
-7.18901 -7.19072
-7.00486 -7.00027
-6.88784 -6.88701
-7.08604 -7.08646
-6.46892 -6.46819
-7.15177 -7.15179
-5.30225 -5.30282
-5.83747 -5.83927
-7.79792 -7.8027
-6.58357 -6.58172
-6.80636 -6.80492
-5.91912 -5.92002
-5.36529 -5.36324
-5.4269 -5.4275
-6.67184 -6.67007
-7.34832 -7.34497
-8.32394 -8.32241
-7.1905 -7.19292
-8.08503 -8.09104
-7.87123 -7.87884
-7.16228 -7.16383
-5.27839 -5.2787
-6.72994 -6.72538
-7.16266 -7.15882
-7.00264 -7.00415
-8.6826 -8.68309
-7.41971 -7.39623
-6.27559 -6.27672
-5.85106 -5.85234
-6.32771 -6.3236
-7.16659 -7.16827
-8.65268 -8.64852
-4.1438 -4.14738
-7.00036 -7.00058
-7.0354 -7.03229
-5.08111 -5.07879
-6.41353 -6.41187
-8.9484 -8.94682
-6.33375 -6.33316
-7.33917 -7.34099
-6.03858 -6.03791
-8.48806 -8.4914
-5.40395 -5.40367
-5.75202 -5.75131
-8.39623 -8.39791
-6.69311 -6.69607
-8.98459 -8.98051
-6.79501 -6.79322
-8.75359 -8.76647
-5.25577 -5.25618
-6.30192 -6.30199
-8.51138 -8.50963
-4.87095 -4.87119
-7.51992 -7.5197
-8.88133 -8.87739
-5.78811 -5.78748
-8.41734 -8.41453
-7.15073 -7.14902
-5.84718 -5.84593
-7.01106 -7.01402
-7.116 -7.11414
-5.39159 -5.3917
-7.95604 -7.96016
-7.22553 -7.21839
-7.6044 -7.60134
-5.31056 -5.31098
-7.8162 -7.81713
-5.19966 -5.1982
-7.06376 -7.06625
-5.56956 -5.56831
-8.10514 -8.10262
-6.62984 -6.62645
-5.16075 -5.16203
-6.61323 -6.61374
-8.85766 -8.86403
-5.60151 -5.60104
-7.19886 -7.19803
-5.25979 -5.25445
-5.10952 -5.10922
-7.08558 -7.08636
-5.80976 -5.81133
-8.65784 -8.65963
-6.60486 -6.60809
-7.31997 -7.32169
-5.56969 -5.56793
-6.70552 -6.70445
-6.48775 -6.49085
-8.46811 -8.46759
-7.23121 -7.23485
-7.95203 -7.95138
-5.33753 -5.33574
-7.53169 -7.5338
-8.12795 -8.11034
-7.04913 -7.04775
-7.00003 -7.00194
-5.2587 -5.25919
-5.43969 -5.44004
-7.18924 -7.19468
-7.42826 -7.42667
-8.57105 -8.56994
-7.41221 -7.40629
-7.03862 -7.03899
-7.03922 -7.03773
-5.27849 -5.27903
-7.03564 -7.03672
-6.48814 -6.4872
-5.2043 -5.20455
-5.25879 -5.25785
-5.24887 -5.24955
-8.95745 -8.95932
-7.01213 -7.01232
-5.2552 -5.25598
-7.92603 -7.92431
-7.10261 -7.09468
-6.60553 -6.60456
-7.75974 -7.76176
-6.81335 -6.81183
-6.75612 -6.75898
-6.65009 -6.65035
-7.80143 -7.80362
-6.67244 -6.67291
-5.28078 -5.28177
-8.88935 -8.89142
-4.96216 -4.96239
-7.05316 -7.05103
-7.96559 -7.96726
-4.74404 -4.74223
-5.59866 -5.59908
-6.98349 -6.98594
-5.28396 -5.28436
-7.53551 -7.53806
-5.84879 -5.85013
-6.91971 -6.92148
-6.98808 -6.98817
-8.47009 -8.46965
-8.68788 -8.68927
-8.49483 -8.49376
-6.26268 -6.25965
-5.24789 -5.24813
-8.62092 -8.62739
-8.91345 -8.91912
-4.92323 -4.92591
-7.85639 -7.85583
-8.6746 -8.66976
-6.80684 -6.8051
-5.2302 -5.23044
-6.68848 -6.68916
-7.05687 -7.05398
-6.73336 -6.73479
-6.60686 -6.60778
-5.9326 -5.93062
-8.70986 -8.71448
-4.77916 -4.77591
-7.0519 -7.05373
-5.98353 -5.97961
-7.00717 -7.0041
-7.05052 -7.05488
-6.81554 -6.81423
-5.17939 -5.17998
-8.49407 -8.50119
-5.25861 -5.25704
-7.19945 -7.20198
-8.88888 -8.88711
-5.35883 -5.35825
-8.10239 -8.10545
-7.05379 -7.05467
-7.88042 -7.88125
-8.87522 -8.88025
-7.08909 -7.08978
-6.19699 -6.19183
-7.27825 -7.27497
-4.45998 -4.45566
-6.26047 -6.25935
-5.38938 -5.3875
-6.04406 -6.04038
-6.93974 -6.9403
-5.30326 -5.30842
-6.7025 -6.70756
-8.25201 -8.25541
-5.3973 -5.3979
-5.23123 -5.23181
-5.91843 -5.91916
-7.19227 -7.19212
-7.78533 -7.78499
-6.59915 -6.59969
-7.18925 -7.19208
-6.55778 -6.56094
-7.02438 -7.02239
-8.47175 -8.47269
-5.60999 -5.60768
-5.5795 -5.58062
-7.86497 -7.86859
-6.90825 -6.90979
-7.36883 -7.36901
-6.58278 -6.58387
-8.98368 -8.98501
-6.24174 -6.24258
-8.87978 -8.87368
-8.46232 -8.46457
-8.36773 -8.36489
-6.44209 -6.44109
-7.03566 -7.03863
-6.44225 -6.44106
-7.57665 -7.57193
-5.90773 -5.91051
-7.88415 -7.88424
-8.58849 -8.60481
-7.04033 -7.03959
-8.10278 -8.09319
-8.50169 -8.50584
-7.77531 -7.76639
-7.19892 -7.20293
-6.57633 -6.57694
-5.41144 -5.41221
-8.47178 -8.47285
-6.84589 -6.8419
-7.17609 -7.17727
-8.88503 -8.88395
-6.46456 -6.46789
-5.91027 -5.90983
-7.19217 -7.19532
-7.15758 -7.1576
-7.06475 -7.06563
-7.79538 -7.79345
-5.82735 -5.8287
-7.56077 -7.56498
-7.89224 -7.89114
-5.35967 -5.36062
-7.25264 -7.2601
-7.11691 -7.11454
-8.47473 -8.47386
-7.05125 -7.04739
-7.96605 -7.97005
-5.57664 -5.57538
-7.87729 -7.8782
-7.0328 -7.0362
-7.10007 -7.10326
-6.82121 -6.81993
-5.12676 -5.1283
-6.89064 -6.89395
-8.26531 -8.26166
-7.84533 -7.84281
-5.31746 -5.31751
-8.4864 -8.48869
-7.05909 -7.06235
-7.33302 -7.33061
-7.1633 -7.16211
-7.77891 -7.77358
-8.38692 -8.38666
-8.65907 -8.6761
-7.51493 -7.50781
-7.85562 -7.85714
-8.35369 -8.35116
-6.97695 -6.9802
-6.47153 -6.4708
-7.53048 -7.53015
-7.10282 -7.10534
-5.01587 -5.01522
-7.61278 -7.61203
-6.37304 -6.3835
-7.87794 -7.88064
-8.71851 -8.73062
-6.58934 -6.58886
-7.04635 -7.04457
-7.1028 -7.10429
-6.57041 -6.57064
-7.14731 -7.15043
-7.02246 -7.01937
-6.74448 -6.74293
-7.11083 -7.1117
-5.21916 -5.22047
-6.669 -6.66891
-6.76997 -6.76861
-6.49397 -6.4896
-5.80734 -5.80507
-7.1418 -7.1431
-8.45637 -8.46762
-7.62756 -7.6267
-5.40623 -5.40619
-7.05844 -7.05883
-8.31359 -8.31777
-5.27881 -5.27767
-8.26063 -8.2775
-8.90033 -8.89862
-5.82488 -5.82559
-8.85442 -8.85839
-5.59622 -5.5952
-5.39723 -5.39789
-7.03814 -7.03476
-7.61672 -7.62015
-7.18992 -7.19362
-6.81594 -6.8145
-7.04555 -7.04929
-7.97366 -7.97241
-7.04829 -7.04186
-8.188 -8.19213
-6.81148 -6.80522
-7.01979 -7.02123
-5.59137 -5.59013
-7.47037 -7.46808
-5.82552 -5.82707
-8.2022 -8.19611
-7.37487 -7.37524
-7.00817 -7.00574
-5.94793 -5.94916
-7.23546 -7.23943
-8.78542 -8.79054
-7.03591 -7.03497
-7.03051 -7.03032
-7.82707 -7.82673
-7.19116 -7.19413
-5.55368 -5.5489
-7.2435 -7.24189
-7.21167 -7.21417
-8.96034 -8.96264
-7.03817 -7.03057
-7.21101 -7.2087
-6.82122 -6.81997
-7.05751 -7.05732
-5.24376 -5.24242
-6.35456 -6.35342
-5.10355 -5.09933
-6.308 -6.3095
-6.51414 -6.51521
-7.02988 -7.02796
-7.11209 -7.11345
-6.78771 -6.78744
-5.43854 -5.4383
-6.66502 -6.66537
-5.23592 -5.23589
-6.7637 -6.76012
-4.9525 -4.9472
-4.83449 -4.83589
-7.0209 -7.02023
-5.41295 -5.41382
-8.35134 -8.35107
-7.06766 -7.06568
-7.00092 -7.00351
-7.07131 -7.06884
-6.83792 -6.83823
-7.44661 -7.45525
-5.25408 -5.25447
-6.59802 -6.59746
-5.39577 -5.39639
-7.35904 -7.35988
-6.67967 -6.67883
-6.47935 -6.48132
-7.60914 -7.61246
-5.84056 -5.84251
-5.8332 -5.83545
-8.08448 -8.08791
-6.50727 -6.50658
-8.63281 -8.63313
-7.00523 -7.00729
-7.2138 -7.21837
-4.98275 -4.98273
-7.87466 -7.87697
-6.81493 -6.81343
-8.08532 -8.10108
-7.33604 -7.33419
-6.87667 -6.87588
-6.50172 -6.50341
-8.99012 -8.9892
-5.82991 -5.82808
-7.84353 -7.84576
-5.27178 -5.27228
-6.20013 -6.19714
-7.03974 -7.04189
-6.70987 -6.70387
-5.65482 -5.65441
-7.19994 -7.20351
-5.8307 -5.83227
-7.12011 -7.11614
-7.21792 -7.21558
-8.30111 -8.31019
-7.14597 -7.14776
-6.30472 -6.30658
-8.08624 -8.10482
-7.30183 -7.30318
-8.31135 -8.30744
-6.68423 -6.683
-5.24014 -5.24154
-7.21978 -7.21725
-7.10104 -7.10119
-8.88052 -8.87608
-8.1649 -8.16563
-5.93168 -5.93252
-6.25238 -6.25227
-7.84982 -7.85269
-5.48282 -5.48279
-6.70758 -6.70687
-7.18932 -7.18519
-8.91209 -8.91218
-6.3611 -6.35817
-7.01336 -7.01619
-7.86847 -7.86543
-7.19394 -7.19773
-8.52098 -8.51934
-5.29677 -5.29752
-5.70997 -5.70887
-6.98058 -6.97866
-7.14165 -7.14205
-7.87371 -7.87081
-5.61273 -5.61689
-8.69715 -8.69917
-8.32431 -8.3284
-8.40922 -8.4029
-5.3175 -5.31769
-7.22551 -7.23164
-6.2278 -6.22392
-7.50083 -7.49399
-8.6743 -8.67105
-6.45958 -6.45765
-7.93665 -7.93752
-7.04644 -7.04767
-6.67778 -6.67616
-6.37831 -6.37601
-6.17481 -6.16868
-6.04146 -6.03824
-8.68915 -8.68673
-6.9171 -6.91402
-5.20291 -5.20329
-8.96272 -8.95922
-5.59832 -5.59826
-7.54541 -7.54589
-7.19345 -7.19663
-6.48636 -6.48907
-5.2002 -5.20118
-5.58368 -5.58278
-6.69264 -6.6798
-7.19231 -7.19502
-6.30059 -6.30096
-5.89529 -5.8964
-6.62644 -6.62368
-5.44209 -5.44297
-7.9548 -7.9541
-5.94486 -5.94622
-8.33076 -8.33195
-7.19218 -7.19376
-8.4539 -8.45043
-6.26584 -6.26602
-7.70318 -7.69908
-7.06397 -7.05236
-8.99012 -8.9892
-6.50483 -6.5025
-8.49191 -8.49236
-6.46643 -6.46503
-7.9137 -7.91707
-7.0244 -7.02356
-7.07603 -7.07539
-8.22671 -8.20378
-8.31777 -8.31872
-5.23355 -5.23245
-6.81444 -6.81489
-7.98327 -7.98278
-7.15223 -7.14813
-7.93654 -7.9369
-7.09948 -7.09546
-5.43349 -5.43345
-5.38466 -5.38522
-5.37639 -5.3769
-8.8866 -8.89247
-7.22774 -7.22748
-7.99289 -7.99436
-6.4707 -6.47021
-8.63668 -8.63679
-6.98409 -6.98039
-6.66444 -6.66318
-7.50622 -7.51233
-6.56074 -6.56293
-5.27368 -5.27321
-8.6754 -8.67591
-8.64462 -8.64662
-4.6576 -4.66777
-5.39657 -5.39724
-5.23348 -5.23383
-5.42697 -5.42737
-8.48428 -8.48033
-8.79447 -8.79034
-5.28642 -5.28612
-5.39704 -5.39764
-7.31026 -7.30869
-7.31374 -7.31562
-8.68134 -8.68257
-4.80278 -4.79824
-7.04747 -7.05176
-6.96709 -6.96547
-5.82812 -5.82876
-7.06125 -7.06266
-7.14951 -7.14948
-8.87124 -8.86728
-6.69717 -6.69306
-7.20105 -7.2001
-7.22612 -7.22563
-6.49738 -6.49691
-5.24416 -5.24197
-6.30115 -6.293
-5.56883 -5.57028
-7.8387 -7.84429
-6.33027 -6.33143
-7.31552 -7.31443
-7.18897 -7.19098
-7.40348 -7.40214
-7.2661 -7.26548
-6.44991 -6.44734
-7.05101 -7.05235
-5.11894 -5.11847
-6.43338 -6.43243
-6.33584 -6.33631
-7.02089 -7.02747
-8.32689 -8.32986
-6.53684 -6.53526
-7.03342 -7.03408
-5.84333 -5.84412
-6.59896 -6.59942
-6.80739 -6.80572
-8.45018 -8.44918
-6.34454 -6.34419
-8.68301 -8.67864
-5.17766 -5.17793
-8.49479 -8.5003
-5.43278 -5.43335
-6.65212 -6.65321
-7.19144 -7.19354
-5.81722 -5.81749
-5.22877 -5.2298
-7.08475 -7.08368
-7.89128 -7.89046
-6.48961 -6.48737
-8.98967 -8.98804
-7.37232 -7.37647
-7.84404 -7.84351
-7.19299 -7.19552
-6.6804 -6.68058
-7.25679 -7.25636
-6.44507 -6.44408
-5.84316 -5.84555
-6.70439 -6.70295
-7.09908 -7.09533
-8.48473 -8.49467
-5.37616 -5.37547
-6.70549 -6.70419
-6.59523 -6.59492
-7.02273 -7.02031
-6.54534 -6.54475
-7.92101 -7.92328
-6.25781 -6.25643
-5.83032 -5.83169
-8.59231 -8.58948
-7.51932 -7.51212
-8.50175 -8.50226
-6.70671 -6.70885
-6.64918 -6.64753
-6.97971 -6.99229
-5.39294 -5.39174
-8.58081 -8.5778
-6.95933 -6.95269
-7.28815 -7.28508
-7.03814 -7.03655
-7.98176 -7.9841
-6.89927 -6.90179
-6.90999 -6.91057
-7.13199 -7.14041
-7.10018 -7.09768
-7.23077 -7.23116
-6.12331 -6.12228
-6.66244 -6.65904
-6.6729 -6.67027
-5.1235 -5.12533
-6.54007 -6.5373
-7.08839 -7.08854
-6.46044 -6.46037
-8.04448 -8.05304
-7.1077 -7.10501
-7.01223 -7.01607
-6.65905 -6.65633
-7.62446 -7.62511
-6.65794 -6.65669
-8.82575 -8.82641
-7.36684 -7.36453
-6.34148 -6.33981
-6.51087 -6.50948
-7.10201 -7.10455
-8.72532 -8.72665
-7.88419 -7.88706
-6.14498 -6.14237
-6.62894 -6.62511
-6.62188 -6.6196
-8.42505 -8.42995
-4.21369 -4.21124
-6.2787 -6.2765
-7.31719 -7.31585
-8.65326 -8.65257
-8.41511 -8.41308
-7.98063 -7.97484
-7.91007 -7.90359
-7.04421 -7.04439
-5.26044 -5.25946
-6.34958 -6.3452
-5.68498 -5.68413
-8.27399 -8.27123
-7.07058 -7.07101
-7.0994 -7.09972
-6.46593 -6.46546
-5.74183 -5.74169
-7.00568 -7.01067
-6.23639 -6.23013
-6.99414 -6.99716
-8.43169 -8.44563
-5.46897 -5.46986
-7.0081 -7.00884
-5.59848 -5.59793
-7.04825 -7.04587
-6.47781 -6.47581
-5.23372 -5.23519
-7.73748 -7.72848
-8.62139 -8.62125
-4.92367 -4.91978
-7.0281 -7.0226
-6.47861 -6.47909
-8.66479 -8.66797
-8.85517 -8.8598
-6.98216 -6.98181
-8.64989 -8.64913
-8.86665 -8.86063
-6.71368 -6.71189
-8.69931 -8.69425
-8.67423 -8.67854
-7.03927 -7.0429
-5.27455 -5.27544
-6.52026 -6.51846
-8.16322 -8.16625
-7.07325 -7.07266
-6.47968 -6.47722
-6.59624 -6.5946
-6.93331 -6.93236
-7.02671 -7.02932
-8.36791 -8.33143
-7.94804 -7.9506
-5.37461 -5.37418
-7.17952 -7.17977
-8.54542 -8.55232
-5.18314 -5.16782
-7.58716 -7.58695
-8.96272 -8.95922
-7.16744 -7.16516
-8.96046 -8.96298
-7.12605 -7.12871
-8.65861 -8.65589
-7.9145 -7.9189
-6.73224 -6.72868
-6.48369 -6.48422
-8.53966 -8.54578
-6.48164 -6.4784
-8.9661 -8.96518
-7.88535 -7.88491
-7.22379 -7.22282
-7.08627 -7.0875
-4.93668 -4.9378
-8.66906 -8.67075
-7.47452 -7.4761
-7.05464 -7.05415
-7.18575 -7.18154
-6.99419 -6.9904
-5.30738 -5.30772
-7.32943 -7.33122
-5.39432 -5.39498
-8.97343 -8.97142
-7.12945 -7.12928
-6.44688 -6.44645
-6.67941 -6.67531
-8.94768 -8.93998
-7.06697 -7.06281
-7.10865 -7.10655
-8.32231 -8.32
-7.10345 -7.10453
-5.18018 -5.1846
-6.77369 -6.77118
-8.52206 -8.51756
-7.32783 -7.33177
-4.9101 -4.91384
-6.96233 -6.96634
-8.63836 -8.64254
-7.12472 -7.12312
-8.31197 -8.31021
-8.34817 -8.34524
-7.01017 -7.01169
-7.18992 -7.19362
-7.82177 -7.81737
-6.32705 -6.32664
-5.84997 -5.85229
-7.00092 -7.00351
-8.65934 -8.6698
-7.86392 -7.85966
-8.32667 -8.3292
-6.33549 -6.33184
-5.91571 -5.91803
-7.06009 -7.05924
-7.07332 -7.07503
-7.11872 -7.11667
-6.12833 -6.12483
-8.99045 -8.99008
-6.29111 -6.29021
-7.03814 -7.03868
-8.87171 -8.86933
-6.4859 -6.4836
-7.28102 -7.27668
-8.86438 -8.86997
-6.44101 -6.44482
-7.1902 -7.18991
-8.32529 -8.32331
-5.22493 -5.22255
-6.28295 -6.28383
-6.67279 -6.67221
-7.04681 -7.0465
-5.29868 -5.29955
-8.84947 -8.84153
-6.23193 -6.23004
-8.51799 -8.52004
-4.7767 -4.77651
-8.0086 -8.01144
-6.32224 -6.32267
-6.99871 -6.99747
-8.34518 -8.34305
-8.68812 -8.68308
-6.50296 -6.5034
-7.19087 -7.19282
-6.27091 -6.27273
-6.61761 -6.61579
-7.32983 -7.33086
-5.27444 -5.27181
-8.27894 -8.28113
-8.48114 -8.4974
-5.38727 -5.38767
-7.80849 -7.81383
-6.74391 -6.74345
-7.26199 -7.26133
-6.58916 -6.58744
-7.04643 -7.049
-8.98992 -8.9897
-5.27178 -5.27194
-7.37147 -7.37165
-7.3154 -7.31456
-6.96501 -6.96693
-8.89151 -8.88857
-8.73265 -8.73328
-6.66837 -6.66778
-7.02023 -7.0195
-6.9671 -6.96868
-7.13102 -7.1313
-8.98907 -8.98656
-6.51167 -6.50962
-7.96683 -7.97227
-7.2028 -7.20106
-7.08536 -7.08421
-8.03946 -8.04788
-7.58384 -7.58595
-7.99272 -7.99392
-5.38692 -5.38569
-7.19012 -7.19296
-5.38986 -5.39139
-8.43765 -8.43351
-8.3041 -8.30333
-6.52034 -6.51375
-8.89121 -8.89091
-6.97967 -6.97648
-7.10131 -7.10297
-7.04908 -7.04444
-7.02689 -7.02755
-8.43924 -8.44954
-6.42335 -6.42635
-7.18975 -7.18878
-7.02718 -7.02964
-7.11152 -7.11062
-5.96452 -5.96504
-6.81149 -6.80953
-7.02559 -7.01984
-5.38988 -5.39043
-6.50932 -6.50852
-7.87866 -7.86845
-7.349 -7.34197
-5.38276 -5.38411
-7.19447 -7.19689
-5.19258 -5.19222
-7.4068 -7.4091
-5.56949 -5.56788
-6.80348 -6.80164
-7.37249 -7.37246
-6.20439 -6.20574
-8.24915 -8.24583
-7.35221 -7.34783
-5.49477 -5.49545
-6.60843 -6.60805
-5.33911 -5.33734
-8.67162 -8.67478
-7.05629 -7.06036
-6.66518 -6.6654
-7.09706 -7.09917
-6.54347 -6.54236
-8.3076 -8.31319
-7.55878 -7.56406
-7.50073 -7.51229
-7.08179 -7.0806
-5.25582 -5.25613
-6.26487 -6.26766
-7.19559 -7.19826
-7.9397 -7.93925
-8.94555 -8.94881
-8.69207 -8.70815
-6.44518 -6.4472
-7.03099 -7.02799
-5.23873 -5.23853
-6.87877 -6.86316
-5.55289 -5.551
-8.95544 -8.95805
-6.27397 -6.27576
-7.1252 -7.12607
-8.27077 -8.26973
-5.28251 -5.28037
-5.87566 -5.87329
-5.34615 -5.34635
-7.11015 -7.11076
-7.6246 -7.62316
-7.19271 -7.19443
-8.21554 -8.20288
-5.8467 -5.84955
-6.51375 -6.51382
-5.7952 -5.79439
-6.81914 -6.81412
-5.81235 -5.81114
-7.36586 -7.36677
-8.49463 -8.4956
-7.16411 -7.16701
-8.55463 -8.55347
-6.47471 -6.47373
-5.27065 -5.26991
-7.05562 -7.05276
-6.67109 -6.67002
-7.18984 -7.19126
-8.2933 -8.29206
-8.73462 -8.74234
-8.86627 -8.87189
-5.38199 -5.38182
-8.2956 -8.29491
-6.67727 -6.67664
-6.47152 -6.47114
-6.67436 -6.67451
-6.65174 -6.64938
-7.36742 -7.36952
-6.36508 -6.36256
-8.46214 -8.46524
-6.8076 -6.80594
-7.81618 -7.808
-8.93234 -8.92806
-6.33302 -6.33403
-7.04234 -7.04056
-8.67118 -8.67378
-8.66941 -8.67116
-8.94909 -8.94484
-5.39665 -5.39543
-5.20871 -5.20753
-8.48485 -8.48665
-7.84099 -7.83635
-8.33125 -8.3306
-6.97571 -6.97901
-7.90918 -7.90703
-5.24749 -5.24825
-6.71444 -6.71351
-6.66286 -6.6642
-5.35868 -5.35896
-6.2253 -6.22739
-8.90213 -8.89643
-7.58854 -7.58929
-7.19399 -7.19565
-8.98459 -8.98051
-7.02086 -7.01913
-5.91578 -5.91666
-6.27382 -6.27456
-7.10709 -7.10458
-7.08375 -7.08208
-8.67612 -8.67641
-8.29718 -8.29586
-6.98439 -6.9834
-7.44826 -7.44474
-8.25776 -8.26106
-7.59905 -7.59517
-4.91252 -4.91815
-7.24849 -7.25062
-5.19289 -5.19351
-6.09391 -6.09546
-8.46812 -8.47954
-4.72214 -4.71425
-4.91728 -4.92111
-5.31131 -5.31177
-6.19832 -6.20699
-7.26414 -7.26503
-7.44143 -7.44963
-7.27739 -7.28172
-6.11217 -6.10794
-5.43752 -5.438
-6.98596 -6.98367
-5.91359 -5.91245
-7.36248 -7.36561
-7.189 -7.19132
-7.87488 -7.87632
-5.22823 -5.22813
-8.63165 -8.62165
-7.35087 -7.35016
-6.50934 -6.5038
-6.01592 -6.01826
-6.97935 -6.98205
-7.46167 -7.46217
-7.38377 -7.38491
-5.42473 -5.42575
-7.70393 -7.70899
-7.51683 -7.51668
-7.09956 -7.09193
-5.91093 -5.91179
-7.03639 -7.03794
-7.44362 -7.44639
-8.34156 -8.34064
-8.32539 -8.32659
-7.95005 -7.95198
-6.48636 -6.48253
-7.25153 -7.24591
-6.67002 -6.6777
-7.11015 -7.11076
-7.00009 -6.99637
-7.76857 -7.76719
-6.8642 -6.8675
-6.67517 -6.67183
-7.19601 -7.19866
-8.66849 -8.67077
-7.81075 -7.80909
-7.72242 -7.72333
-6.50073 -6.50074
-5.989 -5.98548
-8.31299 -8.31032
-6.65553 -6.65339
-8.08169 -8.07181
-7.15246 -7.1437
-7.09937 -7.1019
-8.59459 -8.59871
-7.44143 -7.44104
-5.41639 -5.41756
-5.249 -5.25018
-7.20147 -7.20596
-6.34383 -6.34304
-4.89627 -4.90037
-5.18495 -5.18484
-6.59378 -6.58605
-8.32948 -8.32739
-8.86362 -8.86701
-5.22775 -5.22714
-7.97362 -7.97362
-6.90302 -6.89676
-4.85887 -4.86139
-6.70344 -6.70153
-8.08695 -8.0913
-7.10196 -7.1036
-7.08186 -7.08263
-7.08519 -7.0841
-7.19894 -7.1982
-8.85712 -8.86109
-5.41156 -5.41219
-6.6862 -6.68463
-7.02767 -7.02875
-8.2576 -8.25563
-7.05344 -7.05596
-7.84396 -7.84954
-6.68883 -6.68829
-7.9239 -7.92277
-6.66431 -6.66275
-6.7524 -6.7515
-5.22539 -5.2255
-6.98594 -6.9862
-7.01993 -7.01759
-8.41769 -8.42966
-7.00704 -7.01054
-4.34994 -4.35264
-8.86765 -8.86558
-8.48064 -8.47703
-7.04924 -7.05094
-5.93812 -5.93933
-5.41144 -5.41221
-7.97331 -7.97434
-7.16128 -7.15914
-7.59093 -7.60006
-5.92512 -5.92729
-5.23659 -5.2373
-7.02365 -7.02799
-8.79886 -8.8277
-8.48246 -8.48162
-4.95069 -4.95205
-6.4939 -6.49005
-6.23051 -6.22679
-8.30115 -8.30042
-8.33793 -8.33401
-6.27234 -6.27195
-7.35779 -7.35568
-6.21964 -6.22616
-5.94629 -5.94821
-7.00547 -6.99824
-7.12642 -7.1332
-8.1877 -8.20345
-6.64208 -6.6371
-7.05583 -7.05488
-6.36324 -6.3687
-6.98626 -6.99349
-7.86136 -7.86116
-7.74239 -7.7396
-7.03123 -7.02981
-6.59132 -6.59026
-6.44265 -6.44234
-6.66589 -6.66536
-7.10649 -7.10738
-5.88498 -5.88414
-7.19639 -7.19775
-5.27345 -5.27429
-7.03836 -7.03903
-5.19084 -5.1918
-5.56504 -5.56497
-7.04542 -7.04296
-8.44542 -8.4586
-7.04668 -7.04108
-5.24216 -5.24161
-8.66333 -8.66648
-6.7239 -6.71956
-8.87693 -8.87254
-8.88268 -8.88745
-7.81612 -7.82952
-6.91954 -6.91682
-7.65787 -7.65936
-6.56253 -6.56514
-6.99754 -6.98721
-7.10301 -7.09873
-5.39262 -5.39308
-7.04991 -7.05002
-7.00915 -7.00501
-5.30358 -5.30368
-7.5239 -7.52733
-8.93102 -8.92915
-5.45277 -5.45353
-5.24693 -5.24585
-6.9757 -6.97572
-6.60963 -6.60578
-8.46848 -8.47171
-8.9897 -8.99019
-6.80422 -6.80249
-7.92444 -7.92975
-6.48415 -6.484
-7.06086 -7.06456
-7.00529 -7.00911
-5.58227 -5.58177
-7.4816 -7.47892
-8.68075 -8.68391
-4.88617 -4.88945
-6.45849 -6.45501
-7.24451 -7.24021
-8.92027 -8.92351
-8.9528 -8.95539
-7.14025 -7.14047
-4.10955 -4.10807
-7.92962 -7.93426
-5.84762 -5.84976
-7.87203 -7.87377
-6.27919 -6.27929
-8.97464 -8.97552
-7.22242 -7.22732
-7.14424 -7.14242
-7.77626 -7.77307
-8.4952 -8.49575
-6.35859 -6.35685
-6.28384 -6.28399
-8.68362 -8.68519
-4.98683 -4.99349
-6.9893 -6.98541
-6.98439 -6.9834
-7.04448 -7.0486
-7.37093 -7.37219
-5.40248 -5.40364
-7.83659 -7.83568
-7.13013 -7.13091
-6.85004 -6.84678
-5.23278 -5.23304
-5.3943 -5.39457
-6.73277 -6.72626
-7.65198 -7.65155
-8.66937 -8.67059
-4.94599 -4.94871
-7.1739 -7.17141
-7.94225 -7.94629
-6.25847 -6.25773
-7.51324 -7.50784
-5.86968 -5.87045
-7.22542 -7.22846
-6.57234 -6.56573
-5.27884 -5.27868
-6.92264 -6.92311
-8.96333 -8.96538
-7.01776 -7.01643
-5.21733 -5.21637
-8.48123 -8.48355
-7.06968 -7.07017
-6.01187 -6.01359
-7.01131 -7.00562
-5.62574 -5.62495
-8.32271 -8.32411
-8.32237 -8.32507
-5.22272 -5.22337
-7.44491 -7.44048
-7.07445 -7.07354
-6.89826 -6.90514
-8.10243 -8.07801
-7.05175 -7.05141
-8.29424 -8.29606
-5.8467 -5.84612
-8.66947 -8.67108
-5.08323 -5.08326
-7.19271 -7.19443
-7.16079 -7.15793
-5.41295 -5.41377
-7.04843 -7.04159
-8.89919 -8.9008
-7.04933 -7.04795
-8.65336 -8.65337
-8.48094 -8.48455
-7.16916 -7.17273
-7.31812 -7.31691
-8.3354 -8.33727
-5.69184 -5.6912
-8.95904 -8.95786
-5.23781 -5.23768
-4.86733 -4.86969
-7.18982 -7.19066
-7.82335 -7.82767
-7.01102 -7.01156
-8.22806 -8.20589
-6.66596 -6.66816
-7.0768 -7.07485
-7.59873 -7.60268
-7.03225 -7.02835
-7.96499 -7.96853
-5.41631 -5.41759
-7.05525 -7.06293
-7.99495 -7.99801
-6.10152 -6.10314
-8.44652 -8.44149
-6.2529 -6.24944
-6.74367 -6.74377
-8.4177 -8.42274
-8.81777 -8.82114
-7.13551 -7.13519
-7.09552 -7.0907
-5.31059 -5.30948
-5.26319 -5.26412
-6.77421 -6.77406
-5.24929 -5.24922
-8.37135 -8.36602
-7.03341 -7.0296
-7.19256 -7.19488
-5.26728 -5.26636
-8.01887 -8.02286
-7.3166 -7.31943
-6.85358 -6.85243
-6.11969 -6.12447
-8.4763 -8.47763
-8.85927 -8.85584
-7.86649 -7.86484
-5.37766 -5.37801
-5.18064 -5.18947
-7.11337 -7.11543
-6.77785 -6.77447
-7.55258 -7.55004
-7.1319 -7.12949
-2.47412 -2.47241
-5.26502 -5.26528
-5.42902 -5.42967
-5.41573 -5.41505
-6.32373 -6.32501
-8.66568 -8.66601
-7.19502 -7.19264
-7.82967 -7.82638
-5.72588 -5.72832
-5.81709 -5.81924
-7.83805 -7.84305
-6.44586 -6.44542
-6.64873 -6.64887
-8.10867 -8.12526
-8.03738 -8.04254
-7.1028 -7.10429
-6.92221 -6.91391
-7.04895 -7.04573
-7.31753 -7.31723
-8.86328 -8.86334
-7.23697 -7.2432
-6.34442 -6.35358
-6.45379 -6.4533
-6.67921 -6.68113
-7.08304 -7.08071
-8.61934 -8.62357
-6.28233 -6.28245
-8.86535 -8.8649
-6.24823 -6.2483
-5.94184 -5.9439
-7.05981 -7.06117
-8.32947 -8.32971
-7.08422 -7.08322
-7.1018 -7.10199
-7.16324 -7.16314
-6.69151 -6.69145
-5.55941 -5.56106
-8.64601 -8.64404
-5.80214 -5.80205
-7.19512 -7.19647
-7.18718 -7.1838
-7.20666 -7.2113
-5.21195 -5.21197
-4.66117 -4.65842
-8.83025 -8.83528
-6.44504 -6.4456
-8.33298 -8.33356
-8.33974 -8.32169
-8.15551 -8.15756
-5.41737 -5.41835
-5.54025 -5.53878
-6.71013 -6.71141
-6.26442 -6.26559
-7.0525 -7.04797
-6.45808 -6.46189
-0.954363 -0.96005
-6.77657 -6.77492
-6.33394 -6.33364
-5.41258 -5.41338
-4.92042 -4.92166
-6.98001 -6.97926
-6.32764 -6.32564
-6.99169 -6.9917
-6.47834 -6.47734
-5.07625 -5.07136
-7.05298 -7.05275
-7.14816 -7.14803
-6.46769 -6.4656
-5.41205 -5.41103
-6.66941 -6.67108
-6.10956 -6.10668
-6.97935 -6.98205
-7.05488 -7.05839
-7.22081 -7.22542
-7.84041 -7.84257
-5.8509 -5.85194
-8.86613 -8.87183
-7.17297 -7.17542
-7.75703 -7.75391
-6.4902 -6.4902
-8.13297 -8.1344
-6.88303 -6.8874
-6.65354 -6.64974
-6.26835 -6.2702
-5.81034 -5.81025
-8.83276 -8.84611
-7.04455 -7.04183
-8.96173 -8.96388
-7.23629 -7.24518
-7.04948 -7.04268
-5.25841 -5.25946
-6.45473 -6.45368
-7.10877 -7.10977
-8.64099 -8.64109
-4.8927 -4.8949
-7.84749 -7.84633
-7.22524 -7.23011
-6.49707 -6.49651
-7.05387 -7.05305
-5.83671 -5.8359
-5.82069 -5.82161
-6.22427 -6.23331
-7.17089 -7.16969
-7.48762 -7.49178
-6.73373 -6.7353
-8.51295 -8.51385
-6.67688 -6.67586
-6.89948 -6.89703
-5.42404 -5.42397
-5.89227 -5.89438
-7.37895 -7.3795
-6.66948 -6.66816
-8.8857 -8.88505
-7.03378 -7.02919
-7.33221 -7.32958
-6.0921 -6.09117
-7.97661 -7.97744
-6.47165 -6.47056
-6.53002 -6.497
-7.00738 -7.00996
-5.40347 -5.40253
-8.99084 -8.99103
-7.10685 -7.10826
-5.43135 -5.43243
-7.3207 -7.32495
-8.98967 -8.98804
-7.96022 -7.96584
-7.10689 -7.10826
-5.86011 -5.85835
-7.27047 -7.26817
-8.86862 -8.86231
-6.94764 -6.94996
-7.10034 -7.10036
-8.93288 -8.93714
-7.58181 -7.58347
-7.97927 -7.97651
-8.40701 -8.39528
-7.18673 -7.19142
-7.19507 -7.19753
-6.74638 -6.74601
-5.14292 -5.14362
-7.84002 -7.84086
-5.40031 -5.4004
-7.20423 -7.2044
-7.26927 -7.27162
-7.20369 -7.20431
-6.66052 -6.65969
-8.50756 -8.50924
-6.9167 -6.91552
-5.41676 -5.41759
-5.26005 -5.25892
-4.35212 -4.34951
-5.59891 -5.59804
-7.03063 -7.02939
-7.18606 -7.18501
-6.3656 -6.37095
-7.2253 -7.22675
-6.467 -6.46778
-8.47631 -8.48201
-8.68357 -8.68496
-7.18039 -7.1801
-6.66821 -6.66819
-6.98597 -6.99086
-4.69492 -4.69745
-8.83635 -8.83568
-6.49424 -6.49511
-4.92673 -4.93079
-7.15244 -7.15459
-6.52805 -6.52812
-6.32036 -6.32015
-7.05186 -7.05113
-6.81151 -6.82973
-7.08395 -7.08497
-8.30504 -8.30782
-5.63871 -5.63994
-7.37681 -7.37878
-4.6078 -4.60302
-7.27897 -7.28073
-5.41584 -5.41544
-7.04197 -7.04364
-7.12603 -7.13068
-4.57231 -4.57462
-8.45387 -8.45753
-5.27147 -5.27125
-7.03047 -7.03134
-7.07254 -7.07304
-7.82592 -7.81973
-6.99177 -6.98891
-8.68587 -8.68581
-6.75695 -6.75772
-7.06652 -7.06894
-5.60826 -5.60826
-7.18951 -7.193
-6.81886 -6.81756
-6.43683 -6.43693
-7.16087 -7.16728
-7.96798 -7.96641
-7.96791 -7.96947
-5.45269 -5.45254
-6.3555 -6.35312
-8.87019 -8.86693
-5.36576 -5.36471
-8.86869 -8.86488
-7.09572 -7.09787
-7.73296 -7.73281
-7.37721 -7.37728
-8.5206 -8.51746
-5.5841 -5.58443
-7.81272 -7.82217
-6.81936 -6.81807
-7.29428 -7.29374
-7.04734 -7.04295
-8.10247 -8.10358
-8.89735 -8.89619
-7.88722 -7.88174
-7.13339 -7.12667
-8.33853 -8.33606
-4.16122 -4.16665
-5.21876 -5.22012
-7.0528 -7.05704
-6.98198 -6.99537
-6.68854 -6.68889
-6.94578 -6.94384
-7.35994 -7.36123
-5.94964 -5.94928
-6.48826 -6.48786
-7.04242 -7.03367
-5.65716 -5.65605
-8.64669 -8.64835
-7.02114 -7.02739
-6.62401 -6.62582
-6.65739 -6.65563
-7.10182 -7.10492
-7.16399 -7.16229
-7.01974 -7.01839
-7.03261 -7.03113
-7.02422 -7.02494
-7.94834 -7.95036
-7.36455 -7.3634
-6.71272 -6.70845
-7.0309 -7.02815
-7.69434 -7.68972
-8.89067 -8.89431
-7.14166 -7.14331
-5.44111 -5.44217
-7.19218 -7.19376
-5.95322 -5.96945
-5.1919 -5.19221
-8.98967 -8.98804
-6.965 -6.96033
-7.30268 -7.30747
-6.44876 -6.44709
-5.56377 -5.56331
-6.54247 -6.54047
-6.58868 -6.58684
-7.17613 -7.17422
-5.60724 -5.60631
-8.87321 -8.87302
-6.8398 -6.84123
-5.83534 -5.83723
-7.23453 -7.23473
-6.45111 -6.44952
-6.96369 -6.96384
-8.50449 -8.50648
-8.30264 -8.30338
-7.31488 -7.3159
-4.90465 -4.90717
-7.08395 -7.08497
-6.98596 -6.98367
-7.97835 -7.97979
-6.16725 -6.16677
-7.22113 -7.22707
-6.9955 -6.99662
-6.75484 -6.75525
-5.31551 -5.31618
-7.1008 -7.10132
-7.09817 -7.09978
-6.44826 -6.44742
-8.55621 -8.53723
-5.36869 -5.36918
-7.18916 -7.19136
-6.9671 -6.96868
-7.60446 -7.60904
-7.9913 -7.99495
-5.98823 -5.99076
-8.94423 -8.94258
-4.25213 -4.25272
-7.36885 -7.36962
-7.81215 -7.80608
-5.54887 -5.54907
-7.07099 -7.07268
-7.32195 -7.32247
-7.00267 -7.00862
-5.28943 -5.28962
-5.27111 -5.27122
-8.64341 -8.64645
-6.66818 -6.66971
-7.32476 -7.32231
-7.89124 -7.89153
-7.03148 -7.03144
-7.0158 -7.0113
-8.09045 -8.08724
-7.34614 -7.34112
-6.50363 -6.50269
-7.04029 -7.0338
-7.44598 -7.4408
-6.49844 -6.49688
-8.43186 -8.43681
-5.40955 -5.41027
-5.2545 -5.25371
-6.81699 -6.81568
-6.31901 -6.31887
-8.89096 -8.88357
-5.28492 -5.28492
-6.62277 -6.61996
-7.09843 -7.09961
-8.98459 -8.98051
-7.00803 -7.00831
-8.32136 -8.32251
-7.24547 -7.24643
-5.01002 -5.00925
-7.12316 -7.12047
-7.82205 -7.82241
-8.98654 -8.98726
-7.02097 -7.02149
-6.25442 -6.25374
-7.115 -7.11597
-6.84151 -6.84106
-7.3246 -7.32377
-5.28598 -5.28383
-5.2952 -5.29405
-8.83132 -8.83749
-8.28841 -8.26228
-8.11508 -8.11008
-6.26208 -6.26206
-6.6234 -6.6192
-5.25137 -5.24942
-8.67194 -8.67025
-6.20989 -6.21716
-8.49957 -8.50524
-6.48822 -6.48834
-7.0454 -7.04526
-7.10276 -7.10069
-7.24569 -7.2396
-7.05609 -7.04944
-5.33334 -5.33405
-6.48534 -6.48427
-7.85772 -7.88325
-6.77489 -6.77023
-8.23669 -8.23553
-8.32726 -8.3271
-8.89152 -8.88757
-8.96173 -8.96364
-6.28805 -6.27908
-7.96479 -7.97151
-7.19506 -7.19753
-6.31624 -6.31748
-6.3843 -6.38049
-8.94955 -8.95168
-6.31422 -6.31481
-7.06541 -7.06504
-8.96368 -8.96619
-7.85785 -7.85579
-6.9797 -6.97915
-7.07214 -7.07678
-8.48265 -8.48335
-6.9346 -6.9318
-8.67613 -8.67716
-8.98967 -8.98804
-6.61006 -6.61092
-7.6298 -7.62853
-6.20559 -6.20379
-7.21415 -7.21707
-6.27865 -6.2687
-6.28915 -6.29049
-7.5728 -7.59197
-8.25794 -8.26409
-5.25847 -5.25661
-8.25922 -8.25737
-7.19729 -7.19756
-5.63639 -5.63444
-6.74872 -6.74695
-8.65502 -8.65962
-5.23491 -5.23477
-6.32865 -6.33255
-7.19256 -7.19488
-7.11432 -7.1128
-7.87643 -7.87601
-8.66158 -8.66204
-7.54986 -7.54892
-8.98609 -8.9818
-7.11937 -7.11921
-7.02671 -7.02932
-8.62418 -8.61598
-8.31547 -8.31264
-7.10346 -7.10645
-5.16587 -5.16499
-8.66043 -8.65587
-6.31558 -6.31236
-5.20937 -5.20865
-4.8965 -4.90131
-7.01842 -7.01901
-5.13767 -5.13903
-8.9123 -8.90899
-5.30012 -5.30092
-7.03355 -7.03182
-5.32133 -5.31853
-8.98992 -8.9897
-8.31503 -8.31193
-7.49549 -7.50259
-5.28462 -5.28329
-7.99441 -7.99092
-6.50192 -6.49771
-7.16417 -7.16594
-6.52754 -6.527
-7.85022 -7.84965
-2.47721 -2.47234
-5.3913 -5.39189
-7.0264 -7.03108
-8.34199 -8.34075
-7.06903 -7.06902
-6.94578 -6.94384
-7.13426 -7.135
-6.94572 -6.9462
-7.26638 -7.23059
-7.05277 -7.04757
-7.21392 -7.2179
-8.63937 -8.6338
-5.81722 -5.81757
-7.31833 -7.31605
-5.20872 -5.20886
-7.0461 -7.04857
-5.26658 -5.26607
-6.70396 -6.70545
-7.19144 -7.19311
-7.15316 -7.15243
-6.24356 -6.23922
-7.09959 -7.09947
-8.47091 -8.47899
-6.98314 -6.98329
-7.29383 -7.28834
-6.8137 -6.81211
-8.11026 -8.09429
-5.24715 -5.24738
-6.28229 -6.28159
-8.15554 -8.1394
-5.84603 -5.84429
-8.57848 -8.59249
-6.8185 -6.81287
-8.29991 -8.30346
-8.75336 -8.77202
-8.66167 -8.66131
-7.04771 -7.04097
-5.44077 -5.44091
-5.36806 -5.3684
-7.0823 -7.08462
-7.91748 -7.92361
-8.65911 -8.65887
-7.19934 -7.19287
-5.61226 -5.61118
-6.64546 -6.64347
-6.76089 -6.75812
-8.49504 -8.49492
-8.96296 -8.96092
-7.25393 -7.25077
-5.28706 -5.28757
-6.26072 -6.25971
-8.96216 -8.96045
-5.68091 -5.68268
-7.0354 -7.03886
-6.87153 -6.86537
-7.02528 -7.02502
-6.49105 -6.48907
-6.67252 -6.66797
-7.01399 -7.01556
-7.9031 -7.90714
-8.67143 -8.67307
-5.08886 -5.08955
-5.82597 -5.82465
-8.03875 -8.04928
-7.03063 -7.02939
-8.29764 -8.29724
-6.30743 -6.30429
-5.55879 -5.5618
-6.2363 -6.23438
-8.34935 -8.34333
-7.95776 -7.95727
-6.92647 -6.91745
-8.56754 -8.56612
-5.48831 -5.48912
-6.53253 -6.54011
-8.7279 -8.7324
-8.66188 -8.66128
-6.50456 -6.50521
-8.33321 -8.32936
-8.53916 -8.5402
-7.08578 -7.08217
-5.98443 -5.97719
-8.67928 -8.68044
-6.26288 -6.25617
-6.81966 -6.81838
-5.26633 -5.26656
-6.36291 -6.36292
-7.36312 -7.36573
-6.51136 -6.51117
-6.26792 -6.26629
-7.76172 -7.75862
-7.31901 -7.31322
-7.91116 -7.90679
-8.89246 -8.89098
-7.04942 -7.05007
-8.68846 -8.69039
-8.19479 -8.1949
-5.10518 -5.11089
-8.18125 -8.18086
-6.51164 -6.5094
-8.66489 -8.66222
-7.45651 -7.45994
-7.0078 -7.00986
-7.04093 -7.03979
-5.91483 -5.91467
-8.95329 -8.95551
-7.30444 -7.30169
-7.14147 -7.13828
-7.15348 -7.15362
-8.5219 -8.51723
-5.25858 -5.25939
-5.17486 -5.17385
-6.28829 -6.28868
-7.57525 -7.57881
-5.91408 -5.91508
-5.6918 -5.69178
-7.43637 -7.4348
-7.26736 -7.27573
-5.2759 -5.27468
-5.3389 -5.33912
-6.48354 -6.48293
-6.68729 -6.68524
-6.07667 -6.07456
-7.0178 -7.01533
-5.58636 -5.58613
-8.96701 -8.96896
-7.33841 -7.33648
-8.69018 -8.6888
-5.86065 -5.86174
-5.2168 -5.21799
-5.35494 -5.35513
-7.08351 -7.08048
-7.11603 -7.11545
-7.36384 -7.36189
-6.73523 -6.73462
-7.56988 -7.56547
-7.23958 -7.24515
-8.2977 -8.29636
-8.33374 -8.33252
-8.30322 -8.30042
-7.00619 -7.00448
-6.26155 -6.2623
-5.42554 -5.4262
-8.46183 -8.45922
-7.02611 -7.02028
-7.34485 -7.34576
-8.2803 -8.28087
-8.90033 -8.89862
-6.95526 -6.95816
-7.10422 -7.10589
-6.97136 -6.97506
-7.17064 -7.17137
-7.48386 -7.4808
-5.59596 -5.59595
-5.19894 -5.19717
-7.13955 -7.13679
-6.71741 -6.71621
-6.47583 -6.47576
-7.35737 -7.3579
-8.44636 -8.45102
-7.82209 -7.82511
-5.26445 -5.26469
-5.57389 -5.57709
-7.61699 -7.6134
-6.70857 -6.70992
-5.42533 -5.4257
-8.15102 -8.14084
-7.07053 -7.07127
-6.6145 -6.61433
-8.46609 -8.46183
-5.37849 -5.37643
-7.15325 -7.15477
-6.49141 -6.49053
-7.96487 -7.96773
-7.15977 -7.15926
-8.88215 -8.88781
-5.79181 -5.7947
-5.55188 -5.55222
-6.99971 -6.99863
-7.30252 -7.30009
-6.52559 -6.52701
-7.25145 -7.24506
-4.76865 -4.77527
-7.92353 -7.92053
-6.86002 -6.8544
-6.91671 -6.91781
-7.06414 -7.06468
-7.05135 -7.05267
-7.05526 -7.05142
-8.32453 -8.32521
-7.65191 -7.64186
-7.11767 -7.12044
-6.48988 -6.48986
-5.59526 -5.59476
-7.08015 -7.08346
-6.97541 -6.9698
-6.27324 -6.27414
-4.90732 -4.91185
-7.00474 -7.00977
-7.95212 -7.94991
-6.53234 -6.52913
-5.26235 -5.26329
-5.35389 -5.35405
-6.2959 -6.29505
-5.82485 -5.82488
-5.8246 -5.82595
-7.0344 -7.03769
-6.77702 -6.77744
-5.21338 -5.21353
-8.49896 -8.49659
-7.03386 -7.03298
-6.47825 -6.48062
-8.90432 -8.9081
-6.64969 -6.6483
-7.06201 -7.06241
-6.75439 -6.75065
-4.68271 -4.67944
-4.69728 -4.69963
-6.64118 -6.63876
-6.44361 -6.44155
-6.3231 -6.32652
-7.87381 -7.872
-6.67592 -6.67354
-8.2977 -8.29785
-5.88371 -5.88267
-6.95478 -6.95737
-5.17357 -5.17188
-8.33861 -8.33938
-7.01567 -7.02165
-6.32366 -6.3238
-7.5185 -7.51602
-8.67574 -8.67623
-6.62837 -6.62834
-6.31082 -6.31013
-8.65175 -8.65032
-6.76384 -6.76427
-7.40582 -7.40206
-8.31772 -8.31837
-8.68224 -8.67646
-7.07291 -7.06812
-5.57035 -5.57795
-7.115 -7.11597
-6.56968 -6.56913
-5.28378 -5.28394
-4.92932 -4.93306
-7.81871 -7.81724
-7.18294 -7.17822
-6.94889 -6.9483
-8.10358 -8.10411
-7.809 -7.80947
-6.59108 -6.59209
-6.99064 -6.98874
-8.50259 -8.50529
-7.3711 -7.36858
-6.42041 -6.41998
-6.07848 -6.07539
-8.16877 -8.15166
-7.17343 -7.1773
-6.78495 -6.78277
-7.02086 -7.01913
-8.2966 -8.29914
-7.2033 -7.20675
-5.90201 -5.90028
-6.32021 -6.321
-6.24432 -6.23924
-7.37609 -7.37543
-7.41612 -7.41205
-7.55657 -7.55996
-6.80095 -6.7992
-6.66002 -6.65773
-7.02642 -7.02728
-5.93045 -5.9316
-6.77153 -6.77009
-7.29556 -7.29515
-6.94452 -6.94688
-6.3787 -6.38336
-6.46292 -6.46211
-7.42083 -7.41603
-8.99067 -8.99068
-7.06613 -7.06336
-5.57355 -5.57178
-7.62351 -7.61838
-7.10515 -7.10708
-6.22488 -6.22329
-7.04482 -7.0473
-7.59131 -7.59376
-8.98683 -8.98608
-8.51792 -8.5182
-5.81362 -5.81377
-7.01443 -7.01237
-8.90448 -8.90142
-8.46452 -8.47448
-7.16803 -7.16718
-5.37851 -5.3791
-7.18304 -7.17979
-5.24013 -5.23949
-7.45452 -7.45741
-7.6039 -7.6013
-6.49011 -6.49062
-8.42361 -8.43034
-6.68176 -6.68106
-7.77228 -7.76996
-6.08472 -6.08905
-8.50637 -8.52447
-5.23582 -5.23377
-8.75071 -8.75141
-8.30744 -8.30694
-8.69763 -8.6999
-8.47887 -8.46972
-7.04618 -7.04952
-6.68194 -6.6836
-6.23598 -6.23755
-5.26557 -5.26398
-5.60468 -5.60486
-7.11355 -7.11568
-7.16392 -7.16674
-6.67152 -6.67095
-8.8619 -8.86498
-8.48946 -8.50877
-7.834 -7.84138
-7.15277 -7.15159
-8.50446 -8.50766
-6.72251 -6.72316
-7.49207 -7.49228
-6.1774 -6.17146
-7.81732 -7.81693
-8.9622 -8.96133
-7.19407 -7.19784
-6.30494 -6.30598
-6.99437 -6.99949
-6.3167 -6.3168
-7.037 -7.03643
-7.04088 -7.04333
-8.6828 -8.68329
-7.01287 -7.00682
-7.07387 -7.07273
-5.59838 -5.59969
-5.2475 -5.24591
-5.27366 -5.27449
-5.41295 -5.41048
-7.2194 -7.21825
-7.16115 -7.16259
-7.25264 -7.2559
-8.46746 -8.46875
-6.71044 -6.71133
-6.4924 -6.49145
-6.27469 -6.27535
-5.43266 -5.43298
-5.60462 -5.60464
-7.34054 -7.33888
-8.20177 -8.19476
-5.19815 -5.19817
-7.0134 -7.01694
-7.18435 -7.18526
-5.27371 -5.27442
-7.19449 -7.19645
-7.50634 -7.50148
-8.89673 -8.89707
-6.98915 -6.99277
-8.50402 -8.50202
-6.81429 -6.81262
-7.18366 -7.18574
-7.83158 -7.8366
-8.4423 -8.43107
-6.38928 -6.38598
-6.63368 -6.6332
-7.01252 -7.01276
-7.89143 -7.89201
-8.31022 -8.30999
-7.27457 -7.28301
-6.35193 -6.35185
-5.38142 -5.38183
-7.8657 -7.86183
-6.49592 -6.49865
-6.25479 -6.25975
-7.0916 -7.08754
-5.12571 -5.12527
-8.24169 -8.22615
-6.44002 -6.4337
-8.99012 -8.9892
-5.26798 -5.26849
-8.66437 -8.66739
-5.3431 -5.3446
-7.08682 -7.08189
-7.02191 -7.01775
-5.22298 -5.22373
-5.87967 -5.87928
-6.20285 -6.2018
-7.11413 -7.11133
-7.22499 -7.2297
-7.1299 -7.12903
-5.06315 -5.06103
-5.28361 -5.28297
-6.53002 -6.497
-6.48573 -6.48243
-7.06918 -7.06285
-5.18604 -5.18687
-6.36668 -6.36498
-7.02689 -7.02755
-8.94894 -8.94801
-7.50461 -7.51108
-5.9129 -5.91379
-8.32902 -8.32963
-6.76099 -6.75907
-6.66337 -6.66275
-8.53507 -8.54649
-6.93805 -6.94172
-5.56889 -5.57018
-6.76189 -6.76285
-4.86983 -4.86963
-6.81026 -6.80892
-7.36334 -7.36435
-7.22132 -7.22091
-5.57108 -5.57071
-5.22249 -5.22153
-5.38496 -5.38736
-7.89946 -7.90205
-7.18787 -7.19049
-6.47524 -6.47604
-7.7015 -7.71461
-7.95966 -7.96137
-7.8722 -7.87071
-4.41403 -4.41301
-5.21145 -5.2126
-6.92586 -6.92666
-6.58089 -6.58094
-7.04531 -7.04306
-5.59208 -5.59162
-7.1899 -7.19237
-7.45467 -7.45433
-6.64746 -6.64723
-6.67911 -6.67727
-8.31603 -8.31674
-6.5989 -6.59736
-7.09063 -7.09401
-7.85754 -7.85809
-4.9374 -4.9388
-7.37152 -7.37024
-6.22652 -6.22509
-6.28803 -6.28767
-6.33017 -6.3304
-5.32133 -5.31853
-7.21185 -7.21528
-7.95489 -7.95909
-6.69739 -6.69526
-4.67914 -4.67854
-7.9823 -7.98344
-8.14617 -8.14971
-8.66517 -8.66509
-5.82211 -5.82182
-6.75524 -6.75617
-8.96814 -8.97004
-8.96112 -8.96346
-7.23947 -7.24513
-6.50798 -6.50643
-8.87289 -8.88464
-6.32695 -6.32593
-7.89172 -7.89097
-7.11213 -7.10917
-7.33546 -7.33729
-8.98731 -8.98321
-6.85423 -6.85764
-6.17554 -6.17138
-8.8888 -8.88711
-7.84147 -7.83717
-6.65983 -6.65704
-7.07332 -7.07503
-6.28449 -6.28629
-7.05438 -7.05155
-7.6 -7.59682
-8.32803 -8.32857
-8.05052 -8.05044
-5.2852 -5.28797
-6.30793 -6.30856
-6.44459 -6.44601
-8.5035 -8.51201
-7.8548 -7.8649
-5.22111 -5.22187
-5.41654 -5.41711
-6.35689 -6.35914
-8.2806 -8.27642
-6.59818 -6.59726
-8.29857 -8.30104
-6.81984 -6.81842
-6.35698 -6.36543
-8.85472 -8.85535
-6.45311 -6.45231
-6.91416 -6.91717
-7.18684 -7.19086
-8.33689 -8.33786
-8.54385 -8.54654
-7.02055 -7.02512
-7.15379 -7.16095
-7.14949 -7.15351
-8.34055 -8.34267
-5.91588 -5.91442
-7.08561 -7.08453
-6.3687 -6.36979
-7.97556 -7.97781
-7.81602 -7.81677
-5.82889 -5.83077
-7.19308 -7.19544
-6.80955 -6.80799
-8.50809 -8.51882
-5.77784 -5.78034
-7.19116 -7.19413
-5.40478 -5.40459
-7.00614 -7.00644
-8.9337 -8.93657
-7.97985 -7.98082
-8.32892 -8.32621
-7.11714 -7.11656
-6.99118 -6.99384
-6.27071 -6.26738
-7.19144 -7.19311
-7.05711 -7.0607
-7.3766 -7.37691
-5.3238 -5.32448
-6.38621 -6.38853
-7.03145 -7.03
-7.01336 -7.01619
-7.04987 -7.04744
-7.22621 -7.23152
-6.76444 -6.7657
-6.05478 -6.0558
-5.24947 -5.24955
-5.4205 -5.4213
-6.30107 -6.29992
-5.40272 -5.40151
-6.32775 -6.32174
-8.21452 -8.20771
-7.82917 -7.82983
-6.98426 -6.98054
-6.57077 -6.57044
-7.30604 -7.30843
-8.67713 -8.67759
-7.18684 -7.19086
-7.84958 -7.85205
-6.93795 -6.93939
-7.85804 -7.8623
-8.9661 -8.96518
-8.96847 -8.97518
-5.94232 -5.94193
-8.03013 -8.02792
-5.27031 -5.27041
-7.00588 -6.99812
-8.66216 -8.66218
-5.82418 -5.82219
-5.38594 -5.38368
-7.0856 -7.08975
-6.59303 -6.59534
-5.43263 -5.43276
-7.45113 -7.45265
-7.10417 -7.1027
-6.52604 -6.52448
-6.60751 -6.61816
-6.6743 -6.66707
-5.29752 -5.29781
-6.49069 -6.48952
-7.18332 -7.18308
-5.96194 -5.96262
-6.69763 -6.69565
-5.6236 -5.62186
-6.53381 -6.53113
-8.87614 -8.87146
-7.0336 -7.03554
-6.84846 -6.84714
-7.18257 -7.18547
-5.23266 -5.2337
-7.08286 -7.08345
-6.79731 -6.79541
-5.3066 -5.30324
-6.68042 -6.68314
-8.98829 -8.98486
-8.95802 -8.95539
-6.47153 -6.46848
-5.81811 -5.81742
-7.78798 -7.78869
-7.19507 -7.19753
-5.46372 -5.46253
-7.00823 -7.01321
-6.91932 -6.9195
-5.23554 -5.23915
-8.64806 -8.65079
-8.5256 -8.52599
-5.4119 -5.41269
-7.0189 -7.02206
-8.66008 -8.66244
-8.15783 -8.15703
-8.31129 -8.32916
-6.49215 -6.48939
-4.88603 -4.88725
-8.38257 -8.39682
-6.55656 -6.55921
-7.02829 -7.02722
-6.90953 -6.91104
-8.90413 -8.89968
-5.29219 -5.29271
-7.07688 -7.07928
-6.30413 -6.2979
-8.46778 -8.47069
-6.28666 -6.28752
-6.27149 -6.27183
-5.85113 -5.85228
-6.75467 -6.75628
-7.18538 -7.18673
-6.91337 -6.90657
-8.6907 -8.68264
-5.0003 -4.99998
-6.61036 -6.60952
-6.61972 -6.61568
-5.845 -5.84557
-8.94071 -8.94442
-7.03355 -7.03182
-6.68262 -6.68207
-7.12028 -7.1229
-6.89662 -6.89844
-5.03558 -5.03492
-5.43126 -5.43151
-6.93053 -6.92994
-5.47277 -5.4767
-8.98148 -8.98234
-5.79257 -5.79093
-7.06842 -7.06801
-7.18965 -7.19323
-7.27815 -7.28282
-5.80773 -5.80863
-7.02547 -7.02738
-5.40955 -5.41027
-8.8676 -8.86394
-6.58195 -6.58161
-8.47969 -8.4828
-5.59978 -5.59987
-5.92884 -5.9311
-7.23308 -7.23626
-8.33042 -8.32922
-6.24852 -6.2494
-8.07745 -8.07547
-8.65912 -8.65713
-6.58436 -6.58409
-7.51478 -7.51264
-8.98731 -8.98321
-6.81209 -6.80763
-8.78079 -8.78164
-5.76238 -5.76151
-7.1703 -7.16685
-7.04761 -7.05069
-7.2535 -7.2545
-8.3236 -8.32459
-6.90658 -6.90604
-7.01213 -7.01232
-7.97237 -7.97516
-6.4599 -6.458
-7.05236 -7.0537
-7.74052 -7.74093
-8.26003 -8.25941
-7.09951 -7.09933
-5.9211 -5.92337
-7.03817 -7.03692
-5.90711 -5.90677
-6.19043 -6.19179
-7.18951 -7.193
-5.37255 -5.37227
-5.91943 -5.92036
-7.47496 -7.47589
-5.25918 -5.25809
-8.003 -8.00465
-7.60131 -7.6081
-7.04095 -7.04354
-7.43527 -7.43892
-7.19945 -7.20198
-4.77311 -4.77793
-6.83496 -6.83348
-7.81013 -7.80826
-6.28003 -6.27826
-8.3205 -8.31662
-5.25835 -5.25833
-7.56596 -7.57003
-3.3688 -3.36014
-6.56791 -6.56178
-8.61668 -8.62072
-7.19916 -7.20174
-8.88648 -8.88686
-5.22221 -5.22304
-7.25897 -7.26246
-5.44155 -5.44116
-8.87476 -8.88071
-7.96114 -7.9591
-7.13049 -7.13019
-5.59278 -5.59212
-8.6334 -8.63519
-7.15835 -7.15554
-8.28978 -8.28587
-5.63115 -5.63062
-6.82506 -6.82362
-7.88795 -7.88535
-5.30178 -5.30209
-7.06398 -7.06036
-0.484901 -0.480004
-7.02019 -7.01964
-8.30587 -8.30813
-7.14166 -7.14331
-8.92899 -8.93157
-6.4835 -6.48073
-7.62774 -7.62593
-7.93873 -7.9392
-7.10728 -7.1069
-8.45641 -8.42304
-7.17395 -7.17701
-6.27918 -6.2745
-5.42978 -5.43023
-7.13135 -7.1297
-7.45359 -7.4486
-6.77221 -6.7739
-7.19124 -7.19373
-8.98609 -8.9818
-7.04831 -7.0397
-6.4684 -6.46743
-7.25471 -7.25109
-4.81831 -4.81715
-8.69938 -8.69689
-6.89445 -6.88907
-6.33057 -6.32856
-6.31967 -6.31484
-6.47329 -6.47161
-4.8504 -4.84951
-8.33054 -8.33117
-7.51865 -7.51766
-4.80234 -4.79448
-7.633 -7.63713
-6.8192 -6.81782
-6.86625 -6.84747
-6.37031 -6.36855
-5.36363 -5.36499
-8.67349 -8.67294
-5.6599 -5.66401
-7.10971 -7.10695
-7.0229 -7.02116
-6.48775 -6.48875
-5.30716 -5.30681
-8.88407 -8.88083
-5.16227 -5.16291
-7.08772 -7.08493
-7.98611 -7.98741
-7.1113 -7.11171
-8.47944 -8.48174
-8.30329 -8.27678
-5.91742 -5.92044
-8.87076 -8.87739
-7.32426 -7.32125
-7.03675 -7.03861
-6.23514 -6.23963
-6.30413 -6.30846
-4.82259 -4.8237
-6.72768 -6.72763
-7.00951 -7.01
-5.84176 -5.84539
-7.15074 -7.14708
-7.11967 -7.12312
-6.3167 -6.32475
-8.32927 -8.32306
-8.49936 -8.49714
-8.66028 -8.65969
-5.41996 -5.42125
-8.68037 -8.68461
-4.93273 -4.93374
-6.25464 -6.2558
-5.23632 -5.23571
-6.58048 -6.59411
-6.87775 -6.8728
-5.57093 -5.5674
-5.26392 -5.26455
-5.21169 -5.20936
-5.19133 -5.18884
-8.19271 -8.18723
-6.31638 -6.31664
-7.29523 -7.29617
-5.58868 -5.58745
-6.9911 -6.98791
-5.55865 -5.56054
-8.00274 -7.99279
-6.48805 -6.48586
-4.6317 -4.63421
-7.86538 -7.86781
-6.99475 -6.99597
-5.91291 -5.91188
-8.13297 -8.1344
-7.3865 -7.38881
-6.98301 -6.98027
-5.83188 -5.83152
-7.10324 -7.10482
-7.14148 -7.15975
-5.95644 -5.95747
-6.22877 -6.22476
-6.64948 -6.64712
-6.20647 -6.2084
-6.88503 -6.88846
-5.61385 -5.61294
-4.77896 -4.77829
-5.35809 -5.35839
-7.02939 -7.03095
-7.25258 -7.25576
-7.29023 -7.28878
-6.71497 -6.71307
-6.784 -6.78476
-6.93514 -6.93414
-7.05369 -7.05854
-7.02072 -7.01767
-7.57842 -7.5792
-5.25451 -5.25369
-6.3407 -6.34002
-7.20489 -7.20414
-7.05468 -7.05616
-4.88049 -4.87705
-7.08909 -7.08978
-7.19421 -7.19428
-8.47743 -8.47693
-6.64603 -6.64485
-6.63416 -6.63109
-8.91637 -8.91448
-6.07004 -6.0728
-6.30634 -6.30133
-5.18137 -5.18091
-6.51999 -6.52251
-5.29727 -5.29696
-5.37314 -5.37353
-8.45102 -8.4617
-8.25153 -8.25237
-7.20182 -7.20378
-5.8493 -5.85119
-8.43697 -8.4395
-8.52211 -8.52346
-6.53294 -6.53515
-8.49562 -8.49482
-7.96674 -7.96287
-7.14211 -7.13995
-5.39661 -5.39729
-5.68343 -5.68309
-6.27414 -6.27386
-5.21395 -5.21309
-7.04586 -7.04656
-6.77349 -6.77276
-6.65306 -6.65268
-7.09749 -7.0949
-4.93659 -4.93853
-6.33361 -6.33389
-7.8101 -7.81088
-7.54747 -7.54635
-8.51731 -8.51922
-8.94334 -8.9465
-6.63897 -6.64041
-5.17884 -5.17719
-8.67821 -8.68206
-8.2338 -8.23004
-7.83023 -7.8415
-7.19601 -7.19866
-4.72746 -4.72866
-7.14989 -7.14685
-8.83876 -8.84159
-7.1792 -7.17844
-6.14951 -6.15183
-5.41399 -5.41397
-7.21324 -7.21661
-7.06091 -7.05983
-7.05423 -7.05923
-5.85359 -5.85646
-7.19969 -7.19551
-7.08198 -7.08223
-6.7195 -6.71918
-5.30247 -5.30122
-6.26629 -6.26596
-7.00477 -7.00447
-6.57465 -6.57596
-8.90405 -8.90432
-5.40934 -5.40812
-7.16427 -7.16918
-7.1174 -7.11755
-7.08657 -7.08189
-7.96708 -7.95121
-6.64576 -6.64576
-7.07903 -7.07784
-6.48249 -6.47916
-7.20725 -7.20708
-6.66833 -6.66532
-5.84443 -5.84698
-7.95474 -7.9581
-6.68753 -6.68213
-8.55205 -8.55981
-5.41296 -5.41085
-7.12578 -7.12277
-7.22596 -7.22904
-7.34896 -7.35255
-8.24831 -8.25513
-7.08136 -7.07622
-7.67237 -7.67204
-5.60536 -5.60345
-6.17811 -6.17351
-6.98825 -6.98693
-8.4635 -8.46457
-6.31925 -6.31776
-7.05436 -7.05332
-7.19246 -7.1939
-6.31021 -6.30158
-6.24982 -6.24516
-5.88271 -5.88088
-8.9908 -8.99096
-8.91852 -8.92056
-8.04069 -8.03988
-8.24997 -8.254
-7.19033 -7.1945
-6.12331 -6.12318
-8.11409 -8.11106
-6.98486 -6.98271
-7.19093 -7.19512
-5.39352 -5.39336
-5.28351 -5.28357
-6.49005 -6.49207
-7.86701 -7.86708
-6.93069 -6.93153
-5.93225 -5.93293
-7.88298 -7.88044
-7.04739 -7.04048
-8.30578 -8.30215
-8.66519 -8.6663
-7.14974 -7.15081
-7.99325 -7.99374
-6.94452 -6.94688
-7.82526 -7.82155
-7.1667 -7.16589
-8.5023 -8.50054
-7.09279 -7.09268
-6.67399 -6.67412
-7.51943 -7.51685
-5.55919 -5.55909
-5.30667 -5.30293
-8.6635 -8.66486
-7.02557 -7.021
-7.97042 -7.9728
-7.53307 -7.53314
-6.52032 -6.51681
-6.4795 -6.47669
-5.25618 -5.25699
-5.51767 -5.51463
-7.01839 -7.02003
-8.65941 -8.66212
-6.48708 -6.48682
-5.85268 -5.85041
-7.91073 -7.91366
-8.74074 -8.7435
-6.92317 -6.92724
-7.0092 -7.00573
-6.64681 -6.65462
-8.70195 -8.70059
-7.07684 -7.07597
-7.18858 -7.1873
-6.43584 -6.43503
-8.46801 -8.46537
-7.19582 -7.19662
-5.27545 -5.27702
-7.10998 -7.1119
-5.48416 -5.48284
-7.01106 -7.01002
-5.25414 -5.25322
-7.19273 -7.19573
-8.39606 -8.37506
-6.3767 -6.37662
-5.24736 -5.24513
-6.32341 -6.32257
-7.11412 -7.12112
-5.84385 -5.84326
-6.31922 -6.32328
-8.8744 -8.87499
-5.36399 -5.36443
-8.6073 -8.60296
-8.08113 -8.08384
-7.03884 -7.04163
-7.45139 -7.45207
-7.22333 -7.22253
-5.59742 -5.59774
-4.78478 -4.78348
-8.31771 -8.3222
-6.6727 -6.66982
-7.8695 -7.86788
-6.24406 -6.24422
-7.83197 -7.82479
-7.21558 -7.21444
-7.17345 -7.17012
-7.11101 -7.11346
-6.47184 -6.47202
-5.18965 -5.18968
-5.22678 -5.22774
-7.96063 -7.95918
-7.04724 -7.04892
-6.55912 -6.56242
-8.88255 -8.8837
-8.60095 -8.58371
-5.39448 -5.39389
-5.42935 -5.43054
-8.88793 -8.88674
-7.11944 -7.11702
-7.10159 -7.09773
-7.31014 -7.30892
-7.05399 -7.04697
-8.36578 -8.34645
-6.91448 -6.91743
-7.1908 -7.19346
-6.68493 -6.68407
-8.34003 -8.33807
-7.09267 -7.09611
-8.4671 -8.46832
-6.24275 -6.24255
-7.12881 -7.12747
-5.62528 -5.6272
-5.35004 -5.35055
-8.1543 -8.15554
-5.26687 -5.26807
-5.59578 -5.59457
-6.48656 -6.48627
-6.61384 -6.62156
-7.08207 -7.08156
-1.78793 -1.78786
-6.5829 -6.58252
-8.34693 -8.35078
-6.51619 -6.51034
-5.44668 -5.44625
-6.6945 -6.69278
-5.37461 -5.37418
-5.81307 -5.81308
-8.48505 -8.48702
-6.99789 -6.99695
-8.56024 -8.55679
-5.2598 -5.25767
-7.99182 -7.99242
-8.89411 -8.89439
-5.33982 -5.3401
-6.99788 -6.99902
-7.12498 -7.12566
-7.14983 -7.15223
-6.45474 -6.45332
-8.63506 -8.64251
-7.2035 -7.20134
-7.01499 -7.0142
-6.66396 -6.66303
-8.67532 -8.67221
-8.644 -8.64205
-8.99084 -8.99103
-7.00822 -7.00782
-8.33512 -8.33427
-7.95717 -7.95849
-7.09519 -7.09434
-8.86168 -8.86126
-6.50145 -6.49779
-5.20644 -5.2055
-8.05828 -8.06062
-4.77862 -4.77715
-7.86493 -7.86788
-5.24576 -5.24746
-7.33371 -7.33364
-7.08713 -7.08696
-7.01874 -7.01669
-8.88104 -8.87749
-7.02559 -7.02494
-7.19861 -7.19287
-7.68396 -7.68314
-6.47518 -6.47356
-5.24267 -5.24343
-8.42789 -8.4312
-4.62381 -4.62251
-7.10346 -7.10645
-8.84271 -8.84094
-6.80861 -6.80758
-7.42033 -7.42331
-5.94891 -5.95049
-7.81842 -7.81576
-6.77948 -6.77674
-8.99045 -8.99008
-8.33755 -8.33869
-8.30845 -8.30406
-8.65798 -8.65758
-7.62673 -7.6283
-7.05584 -7.05752
-7.00815 -7.01016
-7.06213 -7.06069
-7.03561 -7.03517
-6.69329 -6.6924
-5.39327 -5.39424
-6.70416 -6.70751
-6.34092 -6.34168
-7.11366 -7.11547
-5.13314 -5.13259
-7.84635 -7.84906
-8.85443 -8.85225
-7.35769 -7.35001
-7.02877 -7.02476
-7.35227 -7.35473
-8.39616 -8.41261
-6.32169 -6.3187
-4.31674 -4.31502
-7.4154 -7.41943
-6.2657 -6.26562
-7.04547 -7.0484
-6.22122 -6.21889
-6.64795 -6.64701
-7.23329 -7.23399
-8.30971 -8.30898
-5.2043 -5.20338
-7.0607 -7.05915
-6.49719 -6.49447
-4.47201 -4.47032
-5.43637 -5.43734
-6.48474 -6.48156
-8.27006 -8.26563
-7.86378 -7.8669
-8.69406 -8.69598
-7.03405 -7.03382
-6.75876 -6.75935
-7.1057 -7.1073
-6.59441 -6.58974
-5.83974 -5.84123
-6.25441 -6.25872
-7.10095 -7.10057
-8.62606 -8.62463
-7.022 -7.02429
-5.21833 -5.21833
-6.9346 -6.9318
-8.57642 -8.62813
-5.95041 -5.95212
-8.71372 -8.71391
-7.3283 -7.32633
-7.43959 -7.43567
-8.69502 -8.69785
-7.09793 -7.10159
-5.38855 -5.38861
-7.96283 -7.9658
-7.10461 -7.10423
-7.24128 -7.24347
-6.44975 -6.45026
-8.66519 -8.66524
-8.74903 -8.7374
-6.97616 -6.9768
-5.29143 -5.29071
-6.74175 -6.74268
-8.65908 -8.65861
-7.22272 -7.2252
-6.59148 -6.59348
-5.25574 -5.25595
-7.11872 -7.11667
-7.10201 -7.1021
-7.21371 -7.21391
-5.94033 -5.93982
-4.4146 -4.41773
-7.84337 -7.84344
-5.29685 -5.29724
-7.16889 -7.17277
-8.44848 -8.45258
-7.58728 -7.5914
-7.02767 -7.02608
-7.20147 -7.20596
-7.06968 -7.07017
-6.78587 -6.78873
-6.33308 -6.32985
-8.31414 -8.31594
-8.52858 -8.52685
-8.86335 -8.85783
-8.9241 -8.92158
-7.17343 -7.1773
-7.07562 -7.07519
-7.97271 -7.97771
-8.02434 -8.01815
-6.05001 -6.05122
-5.34656 -5.34528
-6.98001 -6.97926
-6.67738 -6.67762
-7.06814 -7.06827
-8.31845 -8.31118
-8.63714 -8.62906
-8.93159 -8.93625
-8.25276 -8.24661
-7.32985 -7.32386
-8.3794 -8.37682
-7.12174 -7.12201
-6.2685 -6.26889
-5.22726 -5.22782
-6.52891 -6.52892
-5.2265 -5.22821
-8.31963 -8.31653
-5.74047 -5.74332
-8.32538 -8.3293
-6.26236 -6.26498
-7.97005 -7.97219
-8.32995 -8.33204
-6.47008 -6.46954
-7.19421 -7.19723
-6.49686 -6.49622
-6.59976 -6.59853
-6.93037 -6.93288
-5.41716 -5.41774
-6.82101 -6.81968
-3.35231 -3.3528
-6.71374 -6.71129
-8.58941 -8.60056
-7.01563 -7.01619
-8.84145 -8.83691
-4.34172 -4.3444
-7.05798 -7.0566
-8.02526 -8.03468
-7.0102 -7.00888
-8.47384 -8.46895
-7.18335 -7.17727
-8.69476 -8.70076
-7.835 -7.84815
-6.33831 -6.33822
-7.22504 -7.22974
-8.33495 -8.33599
-8.48638 -8.50605
-6.63173 -6.63319
-6.71356 -6.70968
-6.98729 -6.98462
-8.52737 -8.52854
-6.27404 -6.27436
-5.41158 -5.41177
-7.86403 -7.86587
-6.73703 -6.73816
-7.95048 -7.94571
-8.49141 -8.48929
-8.00659 -8.01135
-7.96162 -7.964
-8.30715 -8.30696
-5.22124 -5.22048
-6.34172 -6.34048
-6.83363 -6.83352
-7.09718 -7.09543
-5.23139 -5.2295
-5.21471 -5.22441
-7.88603 -7.88294
-7.31984 -7.32189
-7.04005 -7.04118
-6.50733 -6.5025
-7.11216 -7.11122
-5.57365 -5.57232
-6.75794 -6.75936
-7.83515 -7.83784
-6.50133 -6.50406
-7.1947 -7.19922
-8.66944 -8.67071
-7.22603 -7.22645
-6.23956 -6.23775
-7.98509 -7.99091
-5.2233 -5.22729
-6.72769 -6.72765
-7.38763 -7.39003
-8.9476 -8.95002
-6.33877 -6.34013
-5.44685 -5.44617
-6.177 -6.1735
-6.29128 -6.29009
-7.0346 -7.02654
-7.19249 -7.19454
-6.10152 -6.10314
-8.99084 -8.99103
-7.07352 -7.07133
-5.26404 -5.26206
-7.60699 -7.61165
-7.06968 -7.07017
-7.05549 -7.05486
-8.53512 -8.53431
-6.5163 -6.51112
-5.25085 -5.25096
-6.2895 -6.28737
-7.0011 -6.99809
-5.5618 -5.56429
-7.08198 -7.08223
-6.71561 -6.72064
-5.58211 -5.58077
-5.85995 -5.86083
-7.35867 -7.35806
-7.27913 -7.27774
-6.97616 -6.9768
-7.19093 -7.19512
-8.00446 -8.00792
-7.3029 -7.29813
-7.8319 -7.83095
-8.67732 -8.67501
-6.47532 -6.4753
-4.17871 -4.17019
-7.0354 -7.03442
-5.6117 -5.61179
-7.0806 -7.08191
-8.9907 -8.98026
-8.43885 -8.43377
-7.49666 -7.49942
-5.57135 -5.571
-6.41639 -6.41564
-6.01077 -6.00984
-7.18558 -7.18683
-8.67793 -8.6793
-8.112 -8.11937
-5.19375 -5.19481
-6.37507 -6.37502
-6.64595 -6.6438
-5.69659 -5.69523
-8.48821 -8.48372
-6.67544 -6.67177
-8.70268 -8.70354
-8.28986 -8.28742
-8.98683 -8.98608
-6.37542 -6.3779
-6.45786 -6.45802
-8.66623 -8.66935
-5.40549 -5.40498
-6.92698 -6.92666
-6.23819 -6.24042
-5.94104 -5.94273
-6.51111 -6.512
-6.04551 -6.04523
-6.97568 -6.97435
-5.8683 -5.87009
-7.42455 -7.41826
-7.17908 -7.1739
-8.52087 -8.51586
-8.64987 -8.65728
-8.33046 -8.32819
-7.59476 -7.59682
-5.57536 -5.57539
-8.67125 -8.67234
-7.87888 -7.87641
-7.22521 -7.22856
-6.70063 -6.70179
-7.22379 -7.22057
-8.31072 -8.31469
-8.65707 -8.65364
-6.81964 -6.81826
-7.93428 -7.93962
-7.85039 -7.8481
-7.25741 -7.2652
-6.67306 -6.6723
-7.0623 -7.0605
-6.28983 -6.29096
-7.39504 -7.39694
-5.60628 -5.60421
-7.95615 -7.95301
-5.93168 -5.93361
-7.49154 -7.49158
-8.04889 -8.04785
-7.40232 -7.39783
-6.47392 -6.47274
-6.62642 -6.62235
-8.67663 -8.67804
-6.99649 -6.99717
-6.79569 -6.79383
-6.68602 -6.68283
-6.6711 -6.66955
-6.87591 -6.87567
-6.97019 -6.96704
-7.30126 -7.30132
-8.50058 -8.49947
-8.08532 -8.07769
-6.92326 -6.91648
-6.74896 -6.74697
-6.91738 -6.91474
-7.87358 -7.87215
-7.08647 -7.08752
-6.99894 -6.99479
-5.04188 -5.04274
-7.83494 -7.83787
-5.21728 -5.22
-6.66394 -6.6639
-7.87075 -7.86759
-5.91305 -5.91369
-7.94412 -7.94888
-7.86121 -7.86798
-8.64711 -8.65064
-7.01273 -7.00851
-6.82017 -6.81887
-6.60012 -6.59956
-6.32599 -6.32363
-6.79276 -6.79113
-7.56684 -7.56995
-7.19559 -7.19826
-8.32618 -8.32473
-7.16377 -7.16368
-6.73187 -6.73225
-6.2988 -6.29848
-6.96694 -6.97013
-5.83616 -5.83785
-6.59551 -6.59756
-6.96421 -6.96602
-8.87702 -8.89223
-7.24537 -7.24319
-8.82352 -8.82332
-8.08397 -8.08514
-8.31633 -8.31649
-8.80515 -8.81779
-5.79234 -5.79438
-5.09194 -5.09045
-7.09817 -7.09978
-5.16503 -5.16223
-6.66409 -6.6638
-8.67345 -8.67366
-7.39936 -7.39717
-8.64719 -8.64226
-7.17595 -7.17403
-8.73205 -8.73252
-6.2765 -6.2805
-8.96437 -8.96639
-8.1272 -8.11958
-8.92787 -8.93445
-6.66801 -6.66798
-7.49981 -7.4999
-4.8068 -4.7929
-6.67257 -6.6685
-7.19169 -7.19599
-7.10844 -7.10716
-5.22193 -5.22284
-5.08056 -5.06818
-6.33454 -6.33472
-8.14519 -8.13422
-8.67164 -8.67312
-5.84391 -5.84495
-7.04093 -7.03855
-8.42478 -8.43177
-5.96955 -5.96881
-6.94656 -6.94207
-8.3365 -8.33495
-5.2624 -5.26275
-8.48376 -8.48391
-7.15848 -7.16022
-8.85964 -8.85543
-6.24595 -6.24694
-6.34998 -6.35013
-8.11925 -8.11482
-7.08918 -7.0875
-7.37206 -7.37175
-7.51201 -7.51041
-5.72865 -5.72729
-7.94733 -7.94934
-8.6543 -8.65283
-7.14619 -7.14375
-7.19133 -7.18579
-7.84641 -7.83993
-6.66878 -6.66395
-8.94835 -8.9509
-6.44832 -6.44537
-8.9908 -8.99096
-7.88383 -7.88518
-8.66196 -8.66535
-6.64472 -6.64394
-7.04105 -7.04122
-7.09267 -7.09611
-7.13428 -7.13515
-6.94001 -6.94498
-7.59012 -7.58967
-5.96156 -5.96233
-5.25725 -5.25741
-7.1917 -7.19417
-6.68102 -6.67765
-6.46851 -6.46912
-7.05634 -7.05317
-7.3476 -7.33911
-6.19649 -6.19124
-7.6072 -7.60131
-6.32776 -6.32719
-8.88923 -8.8861
-8.30189 -8.3021
-8.92952 -8.93128
-5.27267 -5.27116
-5.45303 -5.4532
-8.50107 -8.50161
-6.46282 -6.46284
-7.84405 -7.84336
-8.69616 -8.7025
-6.88812 -6.88641
-6.66472 -6.66094
-7.14715 -7.1479
-5.57445 -5.57508
-6.27601 -6.27609
-5.57921 -5.58008
-5.95218 -5.95443
-6.95478 -6.95737
-6.92431 -6.92784
-8.68036 -8.67909
-6.99177 -6.98891
-6.66772 -6.66706
-7.04132 -7.04039
-7.28039 -7.28023
-7.0988 -7.09938
-8.86591 -8.86099
-6.34346 -6.34107
-5.25671 -5.25528
-6.18704 -6.18824
-8.56746 -8.57004
-5.25134 -5.25083
-7.3087 -7.30853
-6.68872 -6.6892
-6.52689 -6.52707
-7.05419 -7.05153
-8.35371 -8.36171
-7.15134 -7.1522
-5.23742 -5.23803
-8.54068 -8.53727
-5.31675 -5.31688
-6.42603 -6.41454
-7.14812 -7.14564
-7.39064 -7.38397
-6.81311 -6.81294
-7.61707 -7.61841
-7.43789 -7.43631
-6.92431 -6.92784
-5.61565 -5.61566
-7.03025 -7.02686
-5.35127 -5.35286
-8.49748 -8.49717
-7.43718 -7.43638
-7.90092 -7.90009
-7.14846 -7.15502
-8.87676 -8.87357
-7.07409 -7.07205
-5.4295 -5.42909
-5.30832 -5.30871
-6.97821 -6.98323
-6.19123 -6.19416
-7.49997 -7.49986
-6.58816 -6.58894
-7.20503 -7.20647
-6.35767 -6.35743
-8.66128 -8.6641
-7.03562 -7.03439
-7.67362 -7.67535
-7.04445 -7.04675
-7.03216 -7.02223
-6.77057 -6.76705
-6.82122 -6.81992
-6.9955 -6.99662
-7.55665 -7.5609
-6.77874 -6.77916
-5.20714 -5.20645
-8.76608 -8.77762
-8.94654 -8.94975
-8.86168 -8.86126
-5.40552 -5.40443
-5.23256 -5.23301
-8.70472 -8.72826
-5.94448 -5.94589
-5.93921 -5.93922
-8.33783 -8.34011
-6.31137 -6.31143
-5.38086 -5.37922
-5.25757 -5.2564
-7.13329 -7.13161
-7.25888 -7.26546
-8.97242 -8.97514
-7.14838 -7.14697
-6.54532 -6.54259
-8.50799 -8.50855
-6.2505 -6.25431
-5.41071 -5.41062
-6.25803 -6.25887
-7.16379 -7.16581
-7.92669 -7.92944
-5.60236 -5.60212
-6.79468 -6.79787
-7.04399 -7.04134
-7.98666 -7.98265
-7.88412 -7.88575
-5.55256 -5.55329
-7.11217 -7.11232
-3.96679 -3.95779
-8.65966 -8.66038
-7.06563 -7.06547
-6.74129 -6.74566
-4.90138 -4.90596
-5.2589 -5.25891
-6.44055 -6.43885
-6.24 -6.23933
-6.6973 -6.69387
-7.20624 -7.20559
-7.69912 -7.69234
-6.44984 -6.44815
-5.44645 -5.44849
-7.83137 -7.82913
-6.77174 -6.7713
-7.22573 -7.2283
-6.51737 -6.51601
-6.33764 -6.33877
-8.87037 -8.87446
-7.93646 -7.93385
-7.96114 -7.96255
-8.27316 -8.26879
-7.97369 -7.97203
-7.36724 -7.3673
-7.72485 -7.731
-5.53734 -5.53743
-8.49605 -8.50178
-7.03621 -7.03493
-7.3366 -7.33108
-7.86392 -7.86334
-7.65055 -7.65021
-8.01061 -8.01575
-5.36592 -5.36624
-7.08839 -7.08854
-8.6839 -8.68818
-5.82068 -5.81282
-6.26835 -6.27502
-7.88448 -7.88759
-7.00982 -7.01272
-6.46562 -6.46486
-7.74646 -7.74357
-7.29247 -7.29381
-7.04093 -7.03902
-8.95595 -8.95466
-3.52731 -3.5299
-8.48832 -8.49005
-7.40061 -7.40645
-8.34007 -8.32551
-8.34067 -8.33838
-8.90009 -8.9026
-6.70863 -6.70762
-6.76689 -6.76463
-8.94659 -8.94913
-5.59104 -5.58986
-6.63948 -6.62297
-8.88573 -8.882
-7.98063 -7.97987
-7.34253 -7.33512
-6.67715 -6.6757
-7.88461 -7.88304
-7.00723 -6.99653
-4.50502 -4.5053
-7.85847 -7.86
-5.41295 -5.41377
-5.07168 -5.0763
-5.38855 -5.38861
-8.59574 -8.60688
-8.00154 -8
-5.35093 -5.35158
-6.32181 -6.31925
-8.44905 -8.45681
-7.05605 -7.05388
-7.15141 -7.15083
-6.94452 -6.94688
-6.69136 -6.68953
-5.44543 -5.4452
-7.92772 -7.9261
-6.29239 -6.29223
-7.17257 -7.17092
-7.01065 -7.00956
-5.85867 -5.86019
-7.19254 -7.19719
-7.04554 -7.04228
-8.31473 -8.31334
-7.05151 -7.05211
-5.92716 -5.92671
-7.55277 -7.58258
-8.44296 -8.44357
-7.36503 -7.3658
-8.58825 -8.58786
-6.96788 -6.96485
-5.37418 -5.37449
-8.51673 -8.52382
-6.4776 -6.47447
-8.01929 -8.01966
-5.59024 -5.5892
-5.07671 -5.06763
-8.66993 -8.6705
-8.44034 -8.43374
-5.61617 -5.61531
-4.93757 -4.9353
-7.18174 -7.18337
-6.9824 -6.98613
-5.38542 -5.38585
-8.97604 -8.97764
-7.17953 -7.17616
-5.91427 -5.91426
-5.84121 -5.84296
-7.11432 -7.1128
-8.39596 -8.38472
-6.74506 -6.74394
-7.09993 -7.101
-7.10345 -7.10453
-5.93989 -5.94129
-7.08519 -7.0841
-7.00738 -7.00996
-8.84937 -8.8482
-7.02627 -7.0294
-6.9784 -6.97664
-8.47793 -8.48133
-7.10887 -7.11195
-8.88058 -8.87689
-8.6782 -8.67964
-6.22986 -6.22662
-6.49516 -6.49396
-6.267 -6.26643
-7.17917 -7.17869
-5.90746 -5.90783
-6.77101 -6.76907
-7.18651 -7.19068
-8.86484 -8.85822
-6.49393 -6.4915
-3.31099 -3.31726
-6.47732 -6.47635
-8.09108 -8.08947
-6.47503 -6.47341
-7.64699 -7.64649
-7.50675 -7.51266
-6.51119 -6.5111
-5.92717 -5.92747
-4.93929 -4.94296
-7.67712 -7.67001
-5.23713 -5.23684
-6.47685 -6.47496
-8.79833 -8.80587
-8.83994 -8.84135
-5.39133 -5.39194
-7.19629 -7.19599
-6.73602 -6.73983
-7.00484 -7.00038
-7.05378 -7.05809
-6.72753 -6.73344
-5.3034 -5.30344
-5.89239 -5.89164
-6.20332 -6.2049
-5.33465 -5.32845
-8.32511 -8.32689
-6.58386 -6.58312
-8.95977 -8.96204
-5.60534 -5.60515
-5.96329 -5.95968
-8.33844 -8.33737
-7.11979 -7.12241
-7.23324 -7.23197
-8.95306 -8.95072
-5.22451 -5.22543
-7.40017 -7.38502
-5.04146 -5.03851
-6.50179 -6.50381
-6.69343 -6.69506
-5.96056 -5.96259
-8.31321 -8.31236
-6.29818 -6.29908
-6.17635 -6.17226
-6.48457 -6.48426
-7.04066 -7.04232
-7.04619 -7.0433
-7.62094 -7.62747
-7.19199 -7.19153
-6.92221 -6.91391
-7.20409 -7.20245
-5.57173 -5.57043
-5.93719 -5.93811
-7.18815 -7.19093
-6.25539 -6.25241
-8.65995 -8.65947
-7.0251 -7.01984
-7.05051 -7.04837
-5.824 -5.82574
-5.37109 -5.37135
-5.44642 -5.44599
-6.3346 -6.33287
-8.61388 -8.62947
-7.47063 -7.50994
-8.07509 -8.06888
-6.74628 -6.74537
-7.46922 -7.46404
-8.31973 -8.31909
-7.7704 -7.77128
-8.64217 -8.63964
-8.33943 -8.33877
-7.00822 -7.00782
-8.46925 -8.47589
-5.27061 -5.26986
-6.9557 -6.95576
-7.10346 -7.10645
-5.41702 -5.41551
-7.3178 -7.32034
-7.15981 -7.16098
-7.86176 -7.85602
-7.14281 -7.14201
-7.11494 -7.14606
-7.04816 -7.04665
-8.8832 -8.88643
-5.43894 -5.43935
-8.30158 -8.28558
-4.86115 -4.86412
-6.49882 -6.49782
-6.49278 -6.49288
-7.166 -7.16564
-7.91127 -7.9098
-7.19551 -7.19587
-8.67953 -8.67663
-8.69192 -8.69632
-8.96072 -8.96286
-7.25347 -7.25077
-7.20995 -7.20964
-7.08078 -7.08317
-8.33481 -8.32989
-7.19126 -7.19226
-8.93102 -8.92915
-6.97554 -6.97891
-7.55719 -7.56512
-8.94703 -8.95613
-7.07564 -7.07677
-7.89143 -7.88888
-5.40896 -5.40975
-8.13951 -8.13414
-7.14661 -7.14688
-6.25541 -6.25539
-7.4849 -7.48419
-7.4988 -7.50151
-5.26933 -5.2659
-6.28106 -6.28341
-6.47446 -6.47385
-6.9075 -6.91005
-8.65701 -8.65923
-7.12028 -7.1229
-6.3448 -6.34471
-8.67677 -8.68213
-7.05046 -7.05176
-7.63712 -7.63691
-7.10688 -7.10948
-5.27718 -5.27765
-7.62353 -7.63097
-6.48333 -6.48314
-6.63894 -6.63967
-5.26154 -5.26125
-6.634 -6.63009
-7.19892 -7.20293
-6.2146 -6.21509
-6.36328 -6.35982
-7.97851 -7.97801
-7.80503 -7.80731
-7.3218 -7.31478
-6.93479 -6.93036
-6.49704 -6.49997
-6.5754 -6.57446
-5.73014 -5.7348
-7.00871 -7.01033
-4.89061 -4.89281
-8.02907 -8.03333
-7.34482 -7.34055
-7.86631 -7.86254
-7.4126 -7.41068
-4.57959 -4.57895
-7.83709 -7.83488
-7.19261 -7.19098
-6.4092 -6.40828
-7.19231 -7.19502
-8.58169 -8.57838
-6.29602 -6.29671
-8.48277 -8.48904
-7.09572 -7.09787
-6.6772 -6.673
-7.7625 -7.75954
-6.6476 -6.64469
-6.80501 -6.8089
-7.4124 -7.40827
-8.65062 -8.65011
-7.39652 -7.39417
-8.92965 -8.92828
-7.21404 -7.21516
-5.58235 -5.58309
-4.97857 -4.98103
-7.12449 -7.11994
-8.25949 -8.26274
-6.29807 -6.29845
-8.31624 -8.31872
-7.02406 -7.0217
-5.26099 -5.26057
-7.03832 -7.03568
-7.12581 -7.12384
-7.41404 -7.41167
-6.80291 -6.79799
-6.9861 -6.98301
-6.68475 -6.68229
-3.9833 -3.98875
-6.92586 -6.92666
-7.84483 -7.84795
-8.32428 -8.32632
-6.22484 -6.227
-5.28775 -5.28746
-7.09173 -7.09548
-4.89176 -4.8944
-6.66574 -6.66602
-6.9707 -6.96856
-7.05161 -7.04663
-7.03654 -7.04126
-7.8476 -7.84672
-6.5785 -6.57608
-4.70716 -4.70819
-6.23869 -6.23875
-5.38199 -5.38182
-6.97429 -6.97642
-7.80577 -7.81162
-6.96337 -6.95639
-6.47901 -6.47796
-5.28721 -5.28648
-5.27257 -5.2723
-7.85152 -7.85072
-6.99522 -6.9949
-8.2917 -8.29387
-5.56735 -5.5675
-8.91137 -8.91036
-5.3856 -5.38071
-6.69407 -6.6943
-7.04822 -7.04754
-7.12108 -7.12192
-6.79633 -6.79261
-5.68647 -5.66847
-7.20525 -7.20962
-6.52862 -6.526
-8.4997 -8.50013
-6.59391 -6.59377
-6.30219 -6.30258
-5.3209 -5.31702
-8.6454 -8.63104
-5.20332 -5.20274
-7.28022 -7.27989
-7.38835 -7.38626
-7.0567 -7.05416
-6.33741 -6.3343
-7.09686 -7.09776
-6.66153 -6.66005
-6.74803 -6.74422
-8.87577 -8.87308
-5.22219 -5.22077
-7.00897 -7.01019
-5.44408 -5.44329
-8.63373 -8.63315
-5.385 -5.38623
-7.06738 -7.06695
-8.34169 -8.34248
-6.67274 -6.67178
-5.88195 -5.88063
-7.12614 -7.12402
-7.43269 -7.43387
-8.1093 -8.11125
-7.13813 -7.13945
-5.52278 -5.52237
-7.9726 -7.97319
-7.94357 -7.94137
-8.2678 -8.26668
-8.32534 -8.33385
-8.64672 -8.64965
-7.16575 -7.16329
-7.07613 -7.07983
-5.5371 -5.53764
-7.19033 -7.1945
-8.93234 -8.92806
-8.75861 -8.76863
-7.25756 -7.25626
-7.52682 -7.52994
-7.86943 -7.86984
-7.19144 -7.19354
-6.97947 -6.98281
-5.87669 -5.87914
-7.20766 -7.20373
-7.11041 -7.11138
-7.02135 -7.02502
-5.26315 -5.26148
-5.39183 -5.39243
-6.82033 -6.81898
-5.44156 -5.44031
-5.29725 -5.29736
-7.1115 -7.11251
-5.98186 -5.98361
-7.05281 -7.04719
-6.89182 -6.89087
-8.98907 -8.98656
-6.45784 -6.45689
-8.31458 -8.31145
-7.05542 -7.0505
-6.51795 -6.51621
-7.19962 -7.20266
-8.83018 -8.81658
-7.24178 -7.24087
-8.16302 -8.13976
-8.98829 -8.98486
-8.32743 -8.32744
-6.64074 -6.63977
-6.98349 -6.98594
-5.60661 -5.60709
-7.5138 -7.51259
-5.26216 -5.26123
-7.1564 -7.15791
-7.04878 -7.04514
-6.95478 -6.95737
-8.65767 -8.6585
-7.00667 -7.00957
-5.26785 -5.26818
-6.81495 -6.81326
-7.15977 -7.16098
-5.19204 -5.19214
-7.04559 -7.04417
-6.1374 -6.13763
-5.83646 -5.83722
-5.28064 -5.28031
-5.2043 -5.20609
-5.28975 -5.2897
-8.89522 -8.89961
-8.43036 -8.44102
-5.30768 -5.30616
-8.63239 -8.64009
-8.28832 -8.26797
-6.75661 -6.75138
-7.95904 -7.9641
-7.07475 -7.07455
-8.33591 -8.33421
-8.51237 -8.50978
-2.95559 -2.96756
-5.18353 -5.18386
-7.18847 -7.18328
-6.30518 -6.30656
-7.04886 -7.05218
-8.45988 -8.45286
-5.28224 -5.28093
-5.21511 -5.21459
-8.87889 -8.87397
-6.64696 -6.64565
-5.85075 -5.85327
-5.83056 -5.83094
-5.26391 -5.26459
-6.71959 -6.7165
-7.11152 -7.11062
-8.48229 -8.48783
-7.1938 -7.19756
-8.40916 -8.41282
-8.55884 -8.55633
-6.75569 -6.75406
-6.81765 -6.81623
-7.80106 -7.80732
-7.18342 -7.18518
-6.48278 -6.48279
-8.32393 -8.32381
-5.42322 -5.42522
-7.19399 -7.19565
-7.04386 -7.04366
-6.91475 -6.91873
-7.10685 -7.10826
-8.9908 -8.99096
-6.81065 -6.80906
-6.92431 -6.92784
-6.77292 -6.77042
-7.83589 -7.83406
-6.48517 -6.48446
-6.28594 -6.28485
-7.05615 -7.05523
-7.11354 -7.11332
-8.16369 -8.166
-6.28632 -6.28541
-5.536 -5.53701
-8.61667 -8.61685
-6.65633 -6.65529
-6.87985 -6.8773
-8.80917 -8.81587
-8.98731 -8.98321
-8.68166 -8.68287
-7.09971 -7.10013
-5.94799 -5.94806
-7.98153 -7.98195
-7.13231 -7.13083
-7.15972 -7.15552
-5.2459 -5.24678
-7.18914 -7.19169
-8.32923 -8.33104
-7.19236 -7.1954
-5.43695 -5.43579
-5.23204 -5.23228
-8.49775 -8.5062
-5.65115 -5.65067
-8.6903 -8.69359
-6.54559 -6.54112
-7.02174 -7.01642
-5.94516 -5.94588
-6.79927 -6.79858
-7.0956 -7.09736
-5.21125 -5.21208
-6.97571 -6.97901
-7.38197 -7.38129
-8.67069 -8.67109
-7.08087 -7.08354
-4.90352 -4.90554
-8.98731 -8.98321
-8.689 -8.68943
-7.86338 -7.86369
-6.65263 -6.65295
-5.27017 -5.27124
-5.21712 -5.21691
-6.65517 -6.65017
-6.66674 -6.66512
-6.67628 -6.67648
-8.95595 -8.95466
-7.19231 -7.19462
-7.3704 -7.37184
-7.4953 -7.49573
-8.31472 -8.31458
-5.05539 -5.06112
-5.28215 -5.28106
-8.98459 -8.98051
-7.22476 -7.22854
-6.47361 -6.47339
-5.97997 -5.97887
-7.46958 -7.47663
-8.33471 -8.33367
-8.31157 -8.31056
-6.96001 -6.95866
-8.34826 -8.34527
-7.88837 -7.89077
-5.41258 -5.41338
-6.68396 -6.68419
-7.46177 -7.45849
-5.25078 -5.24946
-6.48982 -6.48967
-7.0232 -7.01809
-7.10461 -7.10423
-7.07245 -7.06979
-6.38477 -6.38522
-4.96673 -4.99073
-6.66871 -6.66575
-8.66845 -8.67191
-5.43753 -5.43843
-4.68026 -4.68312
-7.181 -7.17502
-7.12997 -7.12703
-7.09241 -7.09606
-6.50026 -6.49916
-8.33812 -8.34138
-8.89522 -8.89325
-6.51281 -6.50865
-6.50987 -6.50905
-7.19892 -7.20293
-4.89028 -4.89172
-5.26767 -5.268
-7.18198 -7.18491
-6.32292 -6.32019
-5.57059 -5.57096
-6.68886 -6.68821
-7.51476 -7.52569
-8.57325 -8.60285
-7.98282 -7.98018
-8.84631 -8.8516
-7.04986 -7.04591
-6.75083 -6.74996
-7.18326 -7.17915
-6.48522 -6.48427
-6.70245 -6.70143
-7.22504 -7.22974
-5.929 -5.92977
-7.59082 -7.59436
-6.5867 -6.5883
-7.22459 -7.22686
-8.48494 -8.48654
-7.17192 -7.17518
-6.806 -6.80695
-7.19322 -7.19796
-6.96479 -6.96493
-7.12203 -7.12029
-7.67959 -7.67978
-5.25473 -5.2537
-7.01196 -7.02472
-8.24998 -8.24521
-8.67328 -8.66732
-7.03836 -7.03419
-7.2028 -7.20106
-5.31593 -5.31614
-7.43868 -7.43818
-5.04674 -5.04621
-6.62477 -6.62498
-7.51637 -7.51285
-6.57514 -6.57234
-8.47197 -8.4728
-7.03565 -7.02868
-8.31817 -8.32256
-7.02611 -7.0262
-7.58553 -7.58636
-7.79478 -7.79305
-8.88558 -8.89089
-6.60112 -6.59918
-7.96395 -7.96584
-7.3385 -7.33798
-6.47081 -6.47176
-6.49695 -6.49728
-8.24476 -8.27489
-7.03778 -7.03274
-7.03042 -7.0294
-8.2012 -8.20376
-8.34551 -8.34439
-6.16021 -6.15443
-6.62446 -6.62314
-6.46812 -6.46791
-7.03963 -7.03561
-7.00938 -7.00223
-5.20055 -5.20025
-8.48963 -8.48966
-5.24339 -5.24346
-8.91637 -8.91448
-5.28529 -5.28306
-8.86607 -8.87151
-5.23246 -5.23306
-7.42571 -7.42455
-5.94265 -5.94061
-4.64653 -4.65145
-6.58634 -6.58671
-6.81569 -6.81423
-7.34446 -7.34293
-8.97464 -8.97552
-7.19506 -7.19753
-6.67139 -6.66752
-8.92509 -8.92889
-7.03063 -7.02652
-7.18673 -7.19142
-6.76916 -6.77118
-7.09173 -7.09548
-8.89431 -8.89447
-7.42656 -7.42251
-7.10649 -7.10738
-8.26525 -8.26157
-6.30217 -6.30333
-7.35372 -7.35257
-7.82239 -7.82338
-8.3243 -8.32748
-5.93828 -5.94006
-7.09895 -7.09829
-7.1018 -7.10199
-7.102 -7.10557
-7.02102 -7.01577
-7.83286 -7.83422
-6.30466 -6.30489
-7.03439 -7.03118
-7.83818 -7.83489
-5.8247 -5.82646
-7.06458 -7.06114
-5.72668 -5.72549
-7.50366 -7.5096
-7.74896 -7.74337
-1.50546 -1.50257
-7.13523 -7.13157
-7.15317 -7.14522
-7.62389 -7.62129
-7.03765 -7.03708
-6.23739 -6.23796
-8.36765 -8.3671
-8.35168 -8.34908
-6.55295 -6.55737
-6.3344 -6.3347
-6.85764 -6.86022
-8.96301 -8.96553
-6.98314 -6.98329
-6.60105 -6.60331
-7.19302 -7.19376
-5.15263 -5.1544
-5.26161 -5.26202
-7.01559 -7.01548
-8.0803 -8.07947
-8.66995 -8.67045
-7.07091 -7.06842
-7.93367 -7.94049
-6.98224 -6.97754
-4.94184 -4.94599
-7.01774 -7.01178
-6.76385 -6.76158
-7.87468 -7.87445
-5.84503 -5.84587
-8.53836 -8.54354
-5.39927 -5.3997
-5.48847 -5.49274
-7.19236 -7.1954
-5.27747 -5.27751
-5.11896 -5.1186
-7.64578 -7.64968
-5.17934 -5.17928
-5.26543 -5.26534
-7.58647 -7.59136
-7.16758 -7.16548
-6.38489 -6.39616
-7.10602 -7.10712
-8.68243 -8.68442
-8.04471 -8.02561
-7.00271 -7.00237
-7.12376 -7.1252
-4.87568 -4.87
-6.38979 -6.38878
-5.23034 -5.23129
-7.94682 -7.95001
-6.63965 -6.63999
-4.94553 -4.94826
-5.42535 -5.42449
-7.36267 -7.35796
-4.42495 -4.42657
-7.20117 -7.19953
-8.01512 -8.00912
-7.0531 -7.05667
-8.99045 -8.99008
-7.82883 -7.82213
-6.18034 -6.17741
-5.43176 -5.43163
-6.44986 -6.44942
-8.88679 -8.888
-6.46836 -6.46873
-6.64321 -6.64216
-8.66005 -8.66336
-7.5201 -7.5177
-7.58203 -7.57895
-6.75419 -6.75241
-7.18099 -7.18056
-6.67477 -6.6734
-8.98907 -8.98656
-7.2038 -7.20114
-5.17725 -5.17875
-7.14403 -7.14376
-6.27809 -6.27911
-6.51474 -6.51218
-7.70888 -7.70388
-7.36496 -7.36497
-6.68019 -6.67818
-6.466 -6.4657
-8.13634 -8.13465
-5.30499 -5.29753
-4.75991 -4.76262
-6.27743 -6.27379
-6.46772 -6.46726
-7.09176 -7.09023
-7.05656 -7.05463
-6.95048 -6.95308
-6.71322 -6.71312
-7.13885 -7.13874
-6.49442 -6.49412
-5.2719 -5.27202
-7.37732 -7.37847
-6.46135 -6.44469
-5.58614 -5.58636
-5.39141 -5.39203
-8.84076 -8.87303
-5.26485 -5.26382
-7.50746 -7.5075
-5.2849 -5.28307
-6.18326 -6.18767
-8.23786 -8.24339
-6.65625 -6.65147
-7.10648 -7.10832
-4.61011 -4.60652
-5.41075 -5.41095
-6.65599 -6.65144
-5.60325 -5.60274
-7.14804 -7.14839
-6.29286 -6.28526
-6.65379 -6.65217
-7.86887 -7.88151
-6.70334 -6.70283
-8.49168 -8.49108
-6.79377 -6.79188
-5.25349 -5.25275
-6.56157 -6.56341
-5.89964 -5.90075
-7.88285 -7.88366
-8.15911 -8.15934
-6.9574 -6.95512
-8.32175 -8.3224
-7.25474 -7.25364
-5.28085 -5.28205
-6.50972 -6.50945
-6.57255 -6.57425
-7.17844 -7.18146
-7.94048 -7.94293
-7.33405 -7.3327
-7.25224 -7.24969
-6.72327 -6.72442
-6.46852 -6.46251
-8.29392 -8.29907
-7.13732 -7.13647
-7.14735 -7.14454
-6.54134 -6.53824
-7.12851 -7.1279
-8.32345 -8.32512
-8.43256 -8.43002
-7.51133 -7.51225
-7.85539 -7.85251
-7.10944 -7.10631
-6.31887 -6.32038
-6.33443 -6.33171
-7.1991 -7.20103
-6.77414 -6.77433
-6.66942 -6.66591
-6.86763 -6.86188
-7.08655 -7.08737
-6.24933 -6.24927
-7.81121 -7.79944
-8.60735 -8.60796
-6.47248 -6.47345
-7.09937 -7.1019
-5.80098 -5.7977
-7.09001 -7.08631
-6.76106 -6.75927
-5.20969 -5.20959
-7.05059 -7.0507
-8.32154 -8.32284
-8.3046 -8.30622
-5.24046 -5.2413
-6.29118 -6.29124
-5.18501 -5.18483
-5.25566 -5.25589
-8.65773 -8.65529
-8.477 -8.47655
-8.85879 -8.85949
-5.2618 -5.26151
-7.91877 -7.93098
-8.6446 -8.64274
-8.987 -8.99006
-5.44132 -5.44049
-7.14955 -7.14948
-6.80386 -6.8023
-6.67613 -6.67972
-7.24379 -7.2421
-8.10647 -8.105
-8.86433 -8.85321
-7.13001 -7.13028
-8.48462 -8.48679
-5.2337 -5.22976
-8.37199 -8.36298
-8.99067 -8.99068
-5.92373 -5.92392
-7.1018 -7.10199
-7.10648 -7.10832
-8.31946 -8.32393
-8.88261 -8.87944
-5.57714 -5.57579
-6.07684 -6.07289
-8.38826 -8.38711
-6.77095 -6.76988
-7.09672 -7.10099
-7.03341 -7.0309
-6.58812 -6.59011
-7.04978 -7.05348
-6.26544 -6.26645
-5.71075 -5.70907
-5.29025 -5.29063
-8.47899 -8.47787
-6.34209 -6.34322
-7.19126 -7.19226
-7.05773 -7.06189
-8.67368 -8.67686
-7.16554 -7.1662
-7.31218 -7.30557
-7.04627 -7.04492
-5.32424 -5.32407
-8.6966 -8.69466
-5.40971 -5.41026
-4.36877 -4.36946
0.784307 0.783511
-5.90993 -5.90863
-6.673 -6.67225
-7.88209 -7.88104
-7.07862 -7.07941
-6.72047 -6.71858
-8.67779 -8.67526
-5.27151 -5.27111
-6.61147 -6.61108
-8.84713 -8.84649
-6.49563 -6.49368
-6.00621 -6.00696
-8.32718 -8.3288
-7.14051 -7.14023
-7.84787 -7.84522
-8.98148 -8.98234
-6.52284 -6.51885
-8.9908 -8.99096
-5.34967 -5.34776
-7.21651 -7.21061
-6.15287 -6.15014
-8.95215 -8.9553
-7.105 -7.10481
-7.19892 -7.20293
-8.44148 -8.43989
-8.93225 -8.93561
-6.86896 -6.8703
-8.33408 -8.33093
-4.91942 -4.92062
-6.4775 -6.47432
-7.12289 -7.11825
-7.00648 -7.00404
-6.54223 -6.53818
-6.51296 -6.51081
-7.2429 -7.24371
-5.58732 -5.58764
-5.21931 -5.21772
-8.69616 -8.65672
-7.04707 -7.04895
-6.49066 -6.48822
-7.06968 -7.07017
-6.59968 -6.59805
-8.85009 -8.8448
-8.88196 -8.88834
-6.61119 -6.6101
-7.02217 -7.01797
-8.66857 -8.6692
-7.06614 -7.06545
-6.23059 -6.22872
-7.97064 -7.97326
-6.90317 -6.90199
-5.26311 -5.25896
-6.86841 -6.86277
-7.13551 -7.13519
-6.49122 -6.49382
-7.01848 -7.01915
-7.88129 -7.88061
-7.83096 -7.8286
-7.1361 -7.13545
-6.19625 -6.1962
-8.98609 -8.9818
-6.58435 -6.58475
-8.31743 -8.31882
-8.03182 -8.03086
-6.89879 -6.89142
-7.11133 -7.11568
-7.84803 -7.84807
-7.17844 -7.18146
-8.50409 -8.51131
-6.66654 -6.66327
-6.89137 -6.89109
-6.96233 -6.96634
-7.87826 -7.87068
-5.22767 -5.22897
-7.04889 -7.04776
-6.66421 -6.66243
-7.83558 -7.8291
-7.18815 -7.19093
-8.41977 -8.41618
-6.43094 -6.42827
-6.99649 -6.99717
-7.19703 -7.17866
-8.49959 -8.49765
-8.02043 -8.01953
-6.4279 -6.42787
-5.81098 -5.81402
-7.00483 -7.00023
-7.92627 -7.92917
-8.89064 -8.88524
-6.99422 -6.98924
-7.83535 -7.83074
-7.01629 -7.01773
-6.29207 -6.29397
-8.30904 -8.31117
-5.44352 -5.44496
-5.94619 -5.94671
-5.66605 -5.66683
-8.85127 -8.84506
-4.8593 -4.8602
-8.00318 -8.00702
-5.24719 -5.24788
-4.71817 -4.72374
-7.03784 -7.03776
-8.9814 -8.98006
-6.71422 -6.71638
-7.83365 -7.83476
-7.35848 -7.35733
-7.2148 -7.21874
-8.86182 -8.85009
-4.23913 -4.22967
-7.12491 -7.12969
-7.03393 -7.03058
-7.05494 -7.05719
-6.64668 -6.64577
-6.6819 -6.68152
-6.25777 -6.25854
-7.17336 -7.17182
-6.7128 -6.71446
-8.65356 -8.65257
-6.94642 -6.95148
-5.25383 -5.25416
-5.90485 -5.90703
-7.02077 -7.02214
-5.39837 -5.39899
-8.68336 -8.68544
-6.51007 -6.50736
-7.02351 -7.0255
-7.17232 -7.16795
-7.9396 -7.93965
-5.92198 -5.92222
-8.69018 -8.69229
-5.14185 -5.14164
-6.69144 -6.69168
-7.19421 -7.19723
-5.92815 -5.92929
-7.25465 -7.25582
-7.81306 -7.81873
-8.42248 -8.43501
-8.92903 -8.93016
-6.42972 -6.4263
-7.1337 -7.13388
-5.21945 -5.21911
-7.07332 -7.07503
-8.71912 -8.69068
-5.65318 -5.65567
-7.16121 -7.16075
-7.86088 -7.85719
-7.27639 -7.27309
-6.46399 -6.46255
-6.81538 -6.81382
-7.19206 -7.19232
-4.90275 -4.90552
-6.49166 -6.4902
-6.73414 -6.73281
-5.57485 -5.57527
-5.20202 -5.20228
-7.06149 -7.06256
-7.25227 -7.25845
-7.22501 -7.22974
-6.34154 -6.33912
-7.03951 -7.04024
-8.34161 -8.34154
-6.36076 -6.35657
-7.36897 -7.36778
-7.17179 -7.16925
-7.03854 -7.04001
-8.48966 -8.49009
-5.29568 -5.29389
-8.05044 -8.05928
-5.20987 -5.20945
-7.19266 -7.19397
-6.49773 -6.49748
-7.8771 -7.8767
-7.38339 -7.38223
-7.05324 -7.05298
-6.10726 -6.1051
-8.28249 -8.27584
-7.14667 -7.14347
-8.46473 -8.46375
-8.68448 -8.68229
-7.59244 -7.59916
-6.96804 -6.97122
-7.38739 -7.3891
-6.28632 -6.28548
-7.16437 -7.16427
-8.93657 -8.93923
-7.03074 -7.03342
-6.87908 -6.8629
-7.01298 -7.00672
-6.47349 -6.47203
-7.22252 -7.22282
-7.11366 -7.11547
-6.65775 -6.65643
-7.31906 -7.32246
-6.46702 -6.46567
-5.96323 -5.96514
-6.51741 -6.51645
-5.32822 -5.33021
-7.07574 -7.07775
-7.06428 -7.06432
-5.59909 -5.59891
-7.19167 -7.19281
-8.69252 -8.71601
-7.58528 -7.59141
-8.28886 -8.28273
-7.95041 -7.9485
-7.22506 -7.23093
-7.03847 -7.04019
-7.97601 -7.97773
-8.31765 -8.31683
-6.68724 -6.6866
-5.39927 -5.3997
-8.69237 -8.69465
-4.17625 -4.18127
-5.28526 -5.28639
-5.23687 -5.23808
-8.67307 -8.673
-6.90896 -6.91286
-6.99789 -6.99695
-4.38872 -4.38755
-6.91449 -6.91677
-7.61929 -7.62094
-5.18141 -5.18189
-7.06491 -7.06331
-6.48482 -6.48294
-8.4978 -8.49973
-7.13858 -7.13698
-8.86131 -8.86432
-5.41176 -5.4125
-7.21144 -7.21492
-5.4177 -5.41825
-8.5815 -8.57601
-8.46637 -8.46396
-7.51795 -7.52348
-6.314 -6.30762
-7.102 -7.1053
-5.59739 -5.59925
-8.51246 -8.51065
-8.89978 -8.91026
-6.58463 -6.58214
-7.16554 -7.1662
-6.50695 -6.50682
-8.09117 -8.09601
-6.2878 -6.2889
-7.03698 -7.03159
-5.60106 -5.60043
-5.82262 -5.82189
-6.57604 -6.57644
-7.61352 -7.61005
-8.87621 -8.88162
-6.49316 -6.49219
-8.46343 -8.46553
-7.33895 -7.34088
-6.6474 -6.64451
-6.97434 -6.97648
-7.01505 -7.01406
-8.29623 -8.29189
-8.90694 -8.90432
-7.19345 -7.19663
-7.84901 -7.84919
-8.48798 -8.48663
-6.73881 -6.74994
-7.21422 -7.2111
-7.05393 -7.05559
-5.29209 -5.29265
-8.6905 -8.68812
-8.66588 -8.66417
-6.61631 -6.61708
-6.27693 -6.27538
-5.60579 -5.60509
-6.31943 -6.31707
-7.07061 -7.07062
-7.96179 -7.96538
-6.49687 -6.49345
-8.66512 -8.66169
-8.34627 -8.34846
-7.82053 -7.82111
-7.18935 -7.18566
-6.94452 -6.94688
-6.77802 -6.7794
-8.3698 -8.3627
-5.59687 -5.59811
-6.90293 -6.90222
-7.17753 -7.17911
-5.3971 -5.39785
-8.69062 -8.69146
-7.29161 -7.29129
-7.91263 -7.91126
-5.23902 -5.23974
-4.12268 -4.11134
-6.45861 -6.4595
-6.33052 -6.32926
-7.45824 -7.46124
-7.83146 -7.83328
-6.51873 -6.51818
-7.83351 -7.82728
-5.28404 -5.28391
-7.0486 -7.04775
-8.32701 -8.32706
-7.00871 -7.01033
-5.71134 -5.70997
-8.30602 -8.30602
-6.92436 -6.92917
-5.38544 -5.38504
-6.84912 -6.84989
-7.19449 -7.19645
-6.61731 -6.61398
-8.66446 -8.66406
-6.76818 -6.76956
-6.437 -6.43474
-8.87943 -8.88094
-7.04314 -7.03984
-7.00324 -7.00965
-5.26385 -5.26218
-7.90414 -7.90441
-6.73552 -6.73902
-5.27273 -5.27272
-7.97858 -7.98144
-6.75168 -6.75682
-5.1806 -5.1795
-6.44242 -6.44195
-7.96869 -7.96455
-8.67167 -8.67324
-8.4475 -8.46485
-7.15731 -7.15745
-7.08714 -7.08767
-6.78125 -6.77651
-7.44676 -7.44821
-6.99475 -6.99597
-7.95278 -7.95653
-8.88713 -8.88706
-8.70317 -8.70119
-7.84445 -7.84131
-5.79694 -5.79656
-5.80341 -5.80199
-7.25452 -7.25271
-7.73309 -7.73312
-7.88277 -7.88467
-6.49257 -6.49056
-5.9355 -5.93441
-7.6298 -7.62853
-6.90434 -6.91501
-6.57693 -6.58747
-7.31206 -7.30403
-7.23804 -7.24587
-5.20229 -5.19991
-5.01823 -5.01718
-8.30963 -8.31283
-8.03361 -8.03363
-6.48294 -6.4824
-7.07332 -7.07503
-7.02277 -7.02233
-5.24487 -5.24197
-8.71429 -8.70402
-8.67383 -8.67001
-6.92724 -6.92823
-7.18267 -7.18093
-5.09502 -5.09489
-7.19305 -7.19398
-8.67374 -8.67512
-7.38294 -7.38575
-6.75297 -6.75464
-6.07041 -6.06904
-6.69425 -6.68793
-7.12914 -7.13763
-6.63465 -6.63274
-7.3955 -7.39429
-8.86275 -8.87349
-5.23288 -5.23223
-8.31687 -8.31704
-6.65145 -6.64565
-5.34179 -5.33994
-8.85164 -8.84909
-6.47228 -6.47126
-7.96301 -7.95939
-6.66298 -6.66148
-7.84342 -7.84596
-6.26998 -6.26909
-7.18928 -7.19266
-7.85462 -7.85553
-4.9008 -4.90558
-6.36293 -6.37226
-5.94988 -5.94943
-6.68949 -6.68911
-7.46668 -7.46474
-6.98808 -6.98817
-7.09817 -7.09978
-6.89956 -6.89748
-7.19247 -7.19487
-7.90419 -7.90136
-6.91435 -6.91168
-7.72686 -7.72083
-7.04969 -7.04224
-8.49648 -8.50846
-8.08512 -8.07955
-6.3179 -6.32217
-7.19314 -7.1918
-6.58051 -6.57266
-7.08207 -7.08156
-8.8806 -8.88216
-6.33585 -6.33469
-6.92317 -6.92724
-8.00632 -8.00685
-8.68182 -8.68178
-7.02528 -7.02502
-5.90186 -5.89877
-6.5067 -6.50524
-7.01776 -7.01643
-6.63945 -6.64011
-4.943 -4.93793
-6.50799 -6.50673
-8.66116 -8.65682
-7.66795 -7.66993
-7.04671 -7.04361
-6.9313 -6.92852
-8.4532 -8.45117
-4.87211 -4.86957
-8.67837 -8.67849
-7.57795 -7.57549
-5.90703 -5.90764
-6.72106 -6.72244
-6.52296 -6.52222
-7.57426 -7.57667
-7.18016 -7.17954
-4.97779 -4.98049
-7.95608 -7.95356
-5.58615 -5.58441
-5.60501 -5.60742
-5.78308 -5.7835
-7.46377 -7.46429
-7.21519 -7.2143
-8.34475 -8.35012
-5.52731 -5.52843
-8.34304 -8.34124
-5.57392 -5.57443
-8.09614 -8.08283
-4.97456 -4.97727
-5.20152 -5.20198
-5.85345 -5.8599
-7.10842 -7.10807
-7.26026 -7.26138
-4.99473 -4.99755
-8.96186 -8.96391
-6.6413 -6.6405
-5.15646 -5.15642
-6.35197 -6.355
-7.14832 -7.14804
-8.37071 -8.3619
-7.9897 -7.98981
-8.66094 -8.6623
-5.40573 -5.40607
-6.99177 -6.98891
-7.19889 -7.20457
-6.33747 -6.33465
-8.75071 -8.75144
-7.03257 -7.03248
-5.5947 -5.59349
-6.27734 -6.2772
-7.34947 -7.34801
-6.1299 -6.13429
-7.21737 -7.21606
-7.37671 -7.379
-5.3043 -5.30433
-5.85691 -5.85552
-8.27447 -8.2731
-8.67093 -8.67275
-6.51238 -6.51369
-6.66224 -6.66161
-7.3522 -7.34863
-7.95424 -7.95622
-8.58487 -8.58355
-8.17261 -8.17495
-6.87913 -6.8753
-7.50818 -7.47412
-7.11216 -7.11122
-8.66688 -8.66733
-8.88288 -8.88906
-6.59338 -6.59381
-7.0179 -7.01782
-4.53561 -4.53767
-7.84888 -7.84797
-6.66392 -6.66016
-6.28747 -6.28736
-8.26775 -8.26269
-6.67395 -6.67272
-8.62986 -8.63261
-6.64825 -6.64833
-5.41386 -5.41483
-7.38193 -7.37843
-7.1115 -7.11251
-6.56271 -6.56081
-7.2133 -7.21191
-6.36686 -6.36516
-7.22351 -7.22505
-8.66851 -8.66996
-7.05804 -7.06229
-8.87187 -8.87567
-7.17266 -7.17076
-8.66608 -8.66712
-7.23431 -7.23482
-8.01647 -8.01508
-8.96057 -8.96305
-8.67372 -8.67222
-7.40951 -7.4091
-8.29919 -8.30138
-8.65596 -8.65829
-7.09913 -7.10204
-8.43685 -8.45611
-8.88705 -8.88282
-6.63195 -6.63151
-5.89235 -5.88981
-6.52217 -6.52024
-7.09542 -7.09721
-6.96709 -6.96547
-6.85658 -6.85524
-6.68734 -6.69524
-7.46841 -7.46838
-5.50282 -5.50304
-8.99045 -8.99008
-6.95478 -6.95737
-6.77706 -6.77468
-8.67171 -8.67299
-6.73144 -6.72977
-5.80824 -5.80557
-6.40709 -6.39964
-7.36552 -7.36506
-6.78942 -6.78792
-7.03894 -7.0392
-8.30765 -8.31066
-5.83192 -5.83054
-6.30461 -6.2991
-7.92058 -7.92153
-6.38795 -6.38452
-7.1899 -7.19237
-6.47571 -6.4744
-7.94655 -7.94798
-6.62285 -6.62281
-5.25923 -5.25826
-7.04041 -7.04343
-7.09626 -7.09688
-6.06257 -6.05959
-8.31909 -8.31904
-5.81392 -5.81485
-5.41215 -5.41285
-7.00245 -7.00296
-5.36284 -5.36271
-6.01947 -6.02036
-7.04353 -7.03697
-8.49913 -8.49725
-7.08087 -7.08354
-6.29228 -6.27841
-8.61088 -8.60558
-8.29779 -8.29448
-6.65415 -6.65345
-8.84385 -8.84905
-7.60459 -7.62081
-7.09283 -7.09487
-7.75709 -7.75241
-6.628 -6.62494
-7.07568 -7.07262
-7.82592 -7.81939
-6.37177 -6.36834
-7.03161 -7.0304
-5.92772 -5.92819
-7.15225 -7.15014
-7.90851 -7.90405
-7.11337 -7.11543
-7.24392 -7.24337
-6.45462 -6.45347
-7.05432 -7.0517
-7.51276 -7.52147
-5.20686 -5.20611
-8.64678 -8.64408
-6.99905 -6.9992
-5.21925 -5.21823
-6.47456 -6.47574
-8.74909 -8.7487
-6.5013 -6.49843
-8.34356 -8.34303
-5.38849 -5.3891
-7.01266 -7.01245
-6.47511 -6.47459
-6.28658 -6.28644
-7.54042 -7.54072
-7.0994 -7.09972
-7.93479 -7.93304
-5.26225 -5.26318
-6.29576 -6.30033
-6.05973 -6.06444
-8.87312 -8.87737
-7.26857 -7.26774
-8.63003 -8.65635
-7.42026 -7.42176
-5.37193 -5.37241
-8.88022 -8.88508
-5.29864 -5.29793
-7.81314 -7.81609
-7.102 -7.1053
-6.49713 -6.49432
-8.98654 -8.98726
-6.32332 -6.32495
-5.40045 -5.4015
-5.20366 -5.20463
-8.6943 -8.6966
-6.25494 -6.25503
-7.01248 -7.00387
-8.48712 -8.48703
-8.8481 -8.84864
-8.66303 -8.66237
-8.98829 -8.98486
-7.1728 -7.17796
-8.8623 -8.86752
-5.59078 -5.58824
-7.05328 -7.04362
-6.44754 -6.44545
-7.05068 -7.05261
-5.0356 -5.03452
-7.97606 -7.98337
-4.5254 -4.52348
-6.61439 -6.61257
-8.48484 -8.48431
-7.05011 -7.04496
-5.57111 -5.56969
-6.82095 -6.81965
-8.16726 -8.1624
-5.22656 -5.22434
-3.91707 -3.92031
-8.50045 -8.49845
-8.95841 -8.95663
-5.93889 -5.94604
-7.16682 -7.16347
-8.88009 -8.8733
-6.62914 -6.62776
-7.03342 -7.03617
-7.19531 -7.1942
-7.52074 -7.51578
-8.10477 -8.10148
-5.59393 -5.59381
-7.90075 -7.87649
-8.89749 -8.89304
-6.46439 -6.4643
-8.74194 -8.74021
-8.47047 -8.47034
-5.61009 -5.6094
-6.73662 -6.73269
-6.63707 -6.63687
-5.36772 -5.36937
-8.48567 -8.48679
-6.70624 -6.70533
-7.17968 -7.17619
-6.47344 -6.47305
-8.34392 -8.34659
-6.79031 -6.78835
-8.3161 -8.31614
-6.30199 -6.30234
-7.19746 -7.20273
-7.51592 -7.52131
-8.01335 -8.01441
-6.98058 -6.97866
-6.31698 -6.31709
-5.23108 -5.23145
-6.77916 -6.77736
-6.42357 -6.41727
-8.48453 -8.48217
-6.33744 -6.33458
-7.06019 -7.05848
-7.51602 -7.51964
-7.9695 -7.96678
-8.87727 -8.87969
-8.66055 -8.66032
-7.0212 -7.01782
-8.33991 -8.3485
-5.04442 -5.04324
-6.34137 -6.34304
-5.26664 -5.26474
-7.41259 -7.41748
-7.0457 -7.04483
-6.32092 -6.32103
-6.87713 -6.88089
-8.51698 -8.51635
-5.831 -5.83185
-7.87956 -7.88417
-8.3242 -8.32705
-5.40537 -5.40529
-8.66564 -8.66726
-7.11271 -7.1141
-7.30168 -7.30297
-7.06835 -7.06954
-6.69398 -6.69387
-7.10971 -7.10695
-7.6241 -7.63238
-7.18914 -7.19169
-7.0982 -7.0977
-6.97466 -6.97266
-6.32759 -6.32591
-6.83719 -6.83867
-7.60851 -7.60665
-8.39553 -8.39525
-7.19466 -7.19749
-7.97463 -7.98064
-6.63108 -6.6315
-8.19911 -8.1777
-7.18955 -7.18688
-8.66044 -8.66264
-7.30559 -7.30582
-3.85223 -3.84854
-7.20092 -7.20671
-5.35589 -5.35611
-7.03673 -7.03945
-6.33583 -6.3323
-8.11963 -8.12494
-7.04617 -7.04944
-6.34624 -6.34605
-5.67764 -5.68763
-8.33261 -8.33564
-5.22478 -5.2259
-7.39309 -7.39404
-7.05781 -7.05982
-6.48739 -6.4851
-8.33358 -8.33206
-7.05384 -7.05835
-6.66225 -6.66047
-8.2919 -8.29393
-5.22084 -5.22105
-8.90721 -8.90655
-8.34746 -8.34669
-5.24608 -5.24647
-5.28157 -5.28148
-8.3341 -8.33391
-5.40759 -5.40734
-7.0502 -7.04411
-6.62947 -6.63141
-7.85507 -7.85295
-8.05774 -8.05679
-5.85211 -5.85228
-4.97091 -4.96916
-7.04795 -7.04471
-6.2777 -6.27481
-7.21404 -7.21833
-5.55301 -5.54911
-7.08863 -7.0876
-6.6447 -6.644
-5.96431 -5.96501
-7.05464 -7.05267
-6.76977 -6.7683
-7.05075 -7.04867
-6.45961 -6.45844
-6.20359 -6.19766
-5.20083 -5.20208
-7.86709 -7.87089
-6.67505 -6.67592
-7.17521 -7.17436
-6.29285 -6.29306
-7.23738 -7.23637
-5.35243 -5.35284
-7.05926 -7.06049
-5.94436 -5.94401
-8.99067 -8.99068
-7.02827 -7.02763
-6.63589 -6.63397
-8.57308 -8.57803
-6.86723 -6.87104
-6.18882 -6.18613
-7.73837 -7.73984
-7.01275 -7.01277
-7.70367 -7.69475
-6.28351 -6.28144
-7.14846 -7.15502
-8.03473 -8.0308
-8.69602 -8.69536
-6.55791 -6.55575
-7.15205 -7.15046
-7.18965 -7.19323
-7.13018 -7.12979
-7.0567 -7.05416
-7.07953 -7.07879
-7.23868 -7.23637
-6.81947 -6.81937
-6.68298 -6.68259
-7.84926 -7.84846
-8.30098 -8.29971
-6.81454 -6.81254
-8.02376 -8.02696
-8.93894 -8.94146
-7.3917 -7.38963
-7.0553 -7.05607
-6.75737 -6.75822
-7.5974 -7.60172
-8.31148 -8.31298
-8.11547 -8.1455
-8.47206 -8.47925
-8.09537 -8.07854
-8.66917 -8.66966
-7.09993 -7.101
-5.26624 -5.26656
-8.32904 -8.32889
-7.94437 -7.94372
-8.67093 -8.67273
-5.95213 -5.95364
-7.09281 -7.09315
-8.6781 -8.67972
-7.09519 -7.09434
-7.48385 -7.48468
-5.83137 -5.83336
-7.20426 -7.20634
-5.2574 -5.25575
-7.19124 -7.19373
-7.4283 -7.42187
-7.01196 -7.02472
-5.21625 -5.21578
-6.58608 -6.58431
-7.05155 -7.05239
-6.70412 -6.70359
-7.11694 -7.11886
-8.63866 -8.64261
-5.39471 -5.39531
-6.658 -6.65933
-6.48069 -6.47758
-7.75619 -7.75416
-7.07963 -7.07606
-8.857 -8.85231
-5.21165 -5.21112
-8.26057 -8.24328
-0.954363 -0.96005
-7.09817 -7.09978
-7.62804 -7.63843
-6.29149 -6.29044
-6.26613 -6.2671
-5.39034 -5.39124
-7.26925 -7.26762
-8.89219 -8.89007
-7.20122 -7.19837
-8.46034 -8.4736
-7.23396 -7.23461
-6.84186 -6.85252
-7.08355 -7.08605
-8.9897 -8.99019
-5.22389 -5.22468
-7.02313 -7.02315
-5.39428 -5.39492
-5.20739 -5.20729
-7.11683 -7.11401
-8.9332 -8.93664
-7.06251 -7.06167
-6.98594 -6.9862
-7.1018 -7.10199
-5.38605 -5.38398
-8.86465 -8.85957
-5.91742 -5.91877
-6.654 -6.6513
-7.96049 -7.9583
-6.79847 -6.79672
-6.28622 -6.28592
-8.27868 -8.28601
-7.92875 -7.93236
-4.98996 -4.98892
-8.55213 -8.54767
-3.32499 -3.31653
-7.95514 -7.95511
-6.43952 -6.43761
-8.47598 -8.47562
-7.03264 -7.03411
-4.90298 -4.90285
-7.43682 -7.42023
-7.15063 -7.15209
-7.33194 -7.32874
-5.44502 -5.44629
-5.27592 -5.26877
-5.77068 -5.76976
-8.28162 -8.28203
-5.18262 -5.18287
-8.47019 -8.47272
-7.42658 -7.42534
-8.48038 -8.47605
-7.10994 -7.10941
-7.56412 -7.56544
-5.40688 -5.40754
-5.2343 -5.23455
-8.06615 -8.05591
-6.75198 -6.7444
-8.22465 -8.22517
-5.4072 -5.40791
-7.1555 -7.15115
-5.42939 -5.43018
-6.6663 -6.66402
-8.61504 -8.60876
-6.26869 -6.26862
-8.45904 -8.46457
-7.19169 -7.19599
-5.20504 -5.20521
-5.64176 -5.64291
-8.57208 -8.57909
-7.18992 -7.19362
-6.35454 -6.35373
-5.03075 -5.03058
-6.62032 -6.61632
-8.286 -8.28845
-5.92205 -5.92224
-4.91687 -4.92268
-5.83995 -5.83899
-8.3507 -8.34966
-5.43232 -5.4329
-8.90487 -8.90779
-6.70468 -6.70434
-7.148 -7.14573
-7.05405 -7.05258
-8.68416 -8.6866
-8.04371 -8.04539
-7.1854 -7.1855
-5.35129 -5.34794
-6.20692 -6.20317
-8.64562 -8.64602
-8.61612 -8.61108
-5.95057 -5.95312
-7.07811 -7.05499
-5.87723 -5.87954
-7.03405 -7.03232
-7.66408 -7.66414
-8.32771 -8.32668
-8.80802 -8.8059
-6.24315 -6.24256
-7.13046 -7.1309
-6.5162 -6.51647
-7.12581 -7.12384
-8.89846 -8.89524
-5.43115 -5.43046
-7.26951 -7.27182
-8.3254 -8.32721
-7.03537 -7.03576
-5.40322 -5.40208
-3.08737 -3.08355
-6.61691 -6.62348
-8.71675 -8.7132
-7.92891 -7.9305
-7.25437 -7.25486
-7.19014 -7.19472
-7.65049 -7.64544
-6.04324 -6.04119
-8.27517 -8.2713
-8.63094 -8.62561
-5.21296 -5.21352
-5.42066 -5.42138
-6.14135 -6.14087
-6.67259 -6.67189
-6.47478 -6.47319
-6.88401 -6.87951
-6.5038 -6.5015
-7.11217 -7.11232
-5.40932 -5.4094
-7.64248 -7.64089
-7.88761 -7.89344
-8.85681 -8.86126
-5.60904 -5.60773
-6.2924 -6.29011
-8.9529 -8.95484
-8.91346 -8.90606
-5.25889 -5.25685
-7.10252 -7.10315
-7.03977 -7.03709
-8.67368 -8.67403
-7.09621 -7.09619
-6.92431 -6.92784
-8.07699 -8.07246
-6.70351 -6.70473
-5.60107 -5.60154
-5.58394 -5.58374
-6.27843 -6.275
-7.9649 -7.96169
-7.06451 -7.06231
-7.62094 -7.62747
-7.27939 -7.29047
-6.20607 -6.19939
-7.06883 -7.06645
-4.78337 -4.7826
-5.22199 -5.22131
-5.2576 -5.25729
-8.89066 -8.88926
-7.18324 -7.17995
-7.04991 -7.05335
-4.98111 -4.98046
-7.12993 -7.13211
-6.31925 -6.31919
-8.64661 -8.64196
-7.03069 -7.03154
-7.03827 -7.03801
-7.05364 -7.05592
-6.651 -6.65
-6.50005 -6.50055
-7.18901 -7.19072
-6.58829 -6.58721
-8.6664 -8.6674
-6.30291 -6.29689
-8.73471 -8.72893
-7.34784 -7.34898
-6.4502 -6.45053
-7.17588 -7.17686
-8.67366 -8.67667
-8.84122 -8.84058
-8.3113 -8.31237
-5.58983 -5.58955
-6.78007 -6.7801
-8.67094 -8.67136
-8.89382 -8.88859
-6.99386 -6.99684
-8.29309 -8.29481
-8.89029 -8.88636
-7.50431 -7.49949
-5.28834 -5.28865
-7.84223 -7.84123
-5.3943 -5.39457
-5.86693 -5.8672
-6.53331 -6.53222
-6.83795 -6.83915
-5.17616 -5.1547
-6.89373 -6.89235
-6.69622 -6.69562
-5.9757 -5.97662
-8.8514 -8.82594
-7.40856 -7.40239
-5.89506 -5.89673
-5.93639 -5.93498
-6.98552 -6.97997
-5.31465 -5.31534
-6.92067 -6.91354
-5.84821 -5.85162
-5.40884 -5.4087
-5.22476 -5.22491
-7.08741 -7.08596
-5.75803 -5.7595
-6.34313 -6.34028
-5.22605 -5.22596
-6.67965 -6.68281
-7.17232 -7.17035
-5.94992 -5.94961
-6.2272 -6.22298
-6.94578 -6.94384
-5.84704 -5.8489
-7.69246 -7.70065
-7.27933 -7.27633
-7.99671 -7.99717
-7.89574 -7.89663
-5.40382 -5.40421
-8.99067 -8.99068
-6.94578 -6.94384
-6.83058 -6.83287
-7.36395 -7.36285
-7.18558 -7.18368
-4.32473 -4.31941
-7.88134 -7.88816
-7.14846 -7.15502
-6.87594 -6.86556
-7.07 -7.06798
-5.28314 -5.28343
-5.55044 -5.54917
-5.29152 -5.29233
-5.06662 -5.0726
-6.03291 -6.03215
-7.15703 -7.15927
-5.40346 -5.40402
-7.01035 -7.01098
-7.30732 -7.30618
-6.70527 -6.699
-6.29767 -6.29895
-7.34683 -7.34177
-6.45804 -6.45859
-5.1596 -5.16032
-7.17063 -7.16632
-7.17547 -7.17515
-6.47152 -6.47221
-6.29068 -6.28999
-5.26548 -5.26541
-7.03806 -7.03729
-5.32066 -5.32102
-7.65419 -7.64997
-4.93476 -4.93796
-8.8888 -8.88711
-6.39443 -6.38848
-7.95053 -7.95106
-7.28365 -7.2838
-6.28463 -6.28557
-5.40688 -5.40754
-6.51432 -6.51371
-7.1938 -7.19756
-5.95458 -5.95757
-8.68235 -8.6821
-6.96084 -6.96354
-7.80245 -7.79592
-8.44488 -8.43835
-8.98403 -8.98324
-8.92944 -8.93208
-7.88968 -7.87713
-7.03398 -7.03212
-6.79121 -6.79248
-5.42391 -5.42297
-7.1434 -7.14801
-6.48442 -6.48364
-7.0189 -7.02206
-7.46787 -7.46918
-8.67817 -8.67963
-8.67319 -8.67614
-6.57329 -6.56854
-8.47918 -8.48257
-5.23298 -5.23382
-7.19945 -7.20198
-5.27011 -5.27033
-6.51992 -6.51753
-7.55938 -7.56085
-8.85103 -8.8466
-7.02939 -7.03095
-6.67819 -6.67816
-7.01563 -7.01619
-7.84125 -7.84659
-6.03786 -6.04308
-7.09046 -7.09989
-5.40028 -5.40161
-7.63228 -7.6319
-7.16492 -7.1661
-6.63014 -6.62938
-5.38568 -5.38606
-7.00444 -7.00115
-7.0329 -7.02861
-7.01239 -7.01592
-8.28217 -8.28568
-5.2761 -5.27664
-7.17054 -7.17094
-4.62608 -4.62532
-7.16886 -7.16994
-8.94553 -8.95309
-7.03956 -7.04187
-4.35887 -4.35381
-5.40472 -5.40331
-7.18102 -7.18474
-5.90571 -5.90804
-7.05184 -7.04762
-7.17971 -7.17763
-8.49678 -8.50013
-7.02829 -7.03107
-8.33718 -8.33768
-8.46136 -8.46224
-5.82579 -5.82674
-7.04112 -7.04764
-6.32297 -6.32498
-8.42798 -8.44314
-6.00761 -6.00668
-6.67181 -6.67242
-8.11784 -8.12144
-5.26248 -5.26194
-7.21449 -7.21863
-5.93831 -5.93714
-7.29533 -7.29225
-7.16066 -7.16072
-7.43734 -7.43859
-7.57218 -7.57278
-6.60881 -6.61087
-7.2003 -7.20086
-7.29462 -7.2945
-5.27703 -5.27737
-7.85139 -7.85556
-8.98907 -8.98656
-7.18595 -7.18328
-7.96963 -7.96997
-7.36474 -7.36019
-6.08893 -6.08405
-7.03359 -7.03213
-6.68924 -6.6956
-6.28988 -6.29074
-7.03156 -7.02868
-7.3656 -7.368
-6.72567 -6.72314
-7.13913 -7.13893
-8.63905 -8.63913
-7.30725 -7.31149
-8.09916 -8.09775
-5.44773 -5.4486
-6.24958 -6.25585
-6.91068 -6.91217
-7.36713 -7.36774
-4.94183 -4.93934
-8.4765 -8.48066
-7.1881 -7.19178
-6.39058 -6.38753
-6.56927 -6.56782
-7.14743 -7.14962
-7.19945 -7.20198
-5.03351 -5.03421
-6.56771 -6.5625
-5.6317 -5.63404
-8.35947 -8.36463
-7.19116 -7.19001
-7.468 -7.46971
-7.20165 -7.20231
-8.32977 -8.32927
-6.53501 -6.5314
-7.77111 -7.77835
-4.38159 -4.37725
-6.94747 -6.94671
-5.88529 -5.88789
-8.49731 -8.49764
-8.35359 -8.35541
-7.01239 -7.01592
-7.05447 -7.05353
-5.19897 -5.19956
-6.63357 -6.63268
-7.03061 -7.03012
-5.23755 -5.23717
-6.33845 -6.33425
-5.29449 -5.29501
-5.22424 -5.22458
-8.55699 -8.55783
-6.99501 -6.99109
-6.29275 -6.29231
-5.25795 -5.25783
-5.20284 -5.20259
-7.2306 -7.23216
-8.99012 -8.9892
-8.30841 -8.30724
-5.57095 -5.57033
-7.01158 -7.01553
-6.85989 -6.86097
-8.29253 -8.28839
-7.20147 -7.20596
-7.21307 -7.21867
-6.31448 -6.31902
-8.94909 -8.94484
-6.71747 -6.71342
-4.61606 -4.61309
-8.6334 -8.63519
-7.81851 -7.81486
-8.00843 -8.01217
-4.12708 -4.12458
-8.47483 -8.47526
-8.65367 -8.64941
-7.19277 -7.18861
-5.17755 -5.17713
-5.63066 -5.63057
-8.87452 -8.87966
-5.2286 -5.23075
-7.0983 -7.09592
-5.83285 -5.83276
-5.25842 -5.25832
-7.20796 -7.20279
-5.8459 -5.8473
-7.0244 -7.02356
-6.99687 -6.99459
-8.98829 -8.98486
-8.90758 -8.90575
-7.15722 -7.1535
-5.23332 -5.23319
-8.03783 -8.04527
-8.31432 -8.31491
-8.55112 -8.52378
-7.20391 -7.20595
-7.03338 -7.03107
-6.68488 -6.68577
-7.08575 -7.08559
-8.33915 -8.3354
-5.94245 -5.94449
-7.01463 -7.01634
-7.57802 -7.58131
-8.49346 -8.4933
-8.65138 -8.65577
-8.32397 -8.32367
-6.83902 -6.83534
-5.59185 -5.59097
-5.20596 -5.20463
-5.23863 -5.23749
-5.20501 -5.20513
-5.91278 -5.91375
-6.92065 -6.92499
-7.47771 -7.47604
-8.42419 -8.41853
-6.27269 -6.27251
-8.64614 -8.64605
-8.87222 -8.87921
-8.48055 -8.48238
-7.86599 -7.86154
-6.45895 -6.46409
-6.71386 -6.71388
-8.29846 -8.29718
-5.63615 -5.6341
-8.18715 -8.19333
-6.47083 -6.47169
-8.66968 -8.66821
-4.20612 -4.2197
-8.65114 -8.65588
-6.61458 -6.61522
-7.11546 -7.11728
-8.68011 -8.6817
-5.41964 -5.41952
-6.28628 -6.26786
-5.4049 -5.40486
-5.22751 -5.21499
-6.92392 -6.92603
-7.12342 -7.12198
-7.04331 -7.04213
-7.00827 -7.01226
-7.17725 -7.17733
-7.1379 -7.13627
-7.19355 -7.19515
-5.79829 -5.79786
-6.67497 -6.67317
-8.57537 -8.57095
-4.76845 -4.76766
-7.25374 -7.25044
-4.04101 -4.03423
-7.32866 -7.32364
-7.84174 -7.83611
-6.87269 -6.8731
-6.38348 -6.38375
-7.44018 -7.44363
-8.68124 -8.68035
-7.92372 -7.92143
-8.48366 -8.48302
-5.25652 -5.25558
-7.26835 -7.26544
-8.5486 -8.54356
-7.96512 -7.96186
-6.50935 -6.50917
-7.14461 -7.14412
-5.61265 -5.61157
-7.05234 -7.04638
-4.15093 -4.14399
-8.43515 -8.44698
-6.53752 -6.53701
-8.87651 -8.87841
-5.35181 -5.35191
-8.5824 -8.58658
-8.68202 -8.68478
-8.46305 -8.46363
-5.27753 -5.27475
-7.22472 -7.22939
-6.2938 -6.28785
-7.04948 -7.05208
-5.37915 -5.37966
-4.92599 -4.92893
-4.59324 -4.58849
-6.9861 -6.98301
-6.67349 -6.6732
-6.44201 -6.43868
-6.80054 -6.79872
-7.38736 -7.38526
-6.68597 -6.68391
-5.26571 -5.26577
-6.58051 -6.57266
-7.37733 -7.377
-6.67579 -6.67419
-7.0545 -7.0521
-6.52224 -6.51882
-7.85188 -7.86465
-6.78825 -6.78703
-7.3557 -7.35266
-5.89587 -5.90361
-6.38745 -6.39309
-7.35527 -7.35344
-6.80781 -6.8059
-8.93409 -8.93707
-8.65632 -8.65677
-7.84521 -7.8512
-6.97195 -6.96682
-6.34442 -6.34458
-8.31374 -8.31043
-7.16319 -7.16358
-6.64865 -6.64645
-6.79394 -6.7952
-6.22313 -6.21821
-7.10007 -7.10326
-7.03993 -7.03022
-8.65922 -8.65607
-7.13151 -7.12811
-7.12344 -7.12542
-8.32673 -8.33224
-6.4803 -6.4796
-7.04047 -7.03765
-5.39809 -5.39645
-6.31146 -6.31053
-6.56438 -6.5669
-8.3056 -8.30268
-7.97219 -7.96949
-7.183 -7.18467
-6.60565 -6.60418
-7.04548 -7.04893
-6.32905 -6.33135
-5.40346 -5.40402
-5.92527 -5.9263
-5.48492 -5.48501
-7.105 -7.10481
-7.82938 -7.81968
-8.27528 -8.27597
-8.63874 -8.64013
-5.2124 -5.21395
-5.19063 -5.19143
-5.58218 -5.58107
-6.6362 -6.6341
-5.27703 -5.27731
-8.9814 -8.98006
-7.75137 -7.75016
-5.36623 -5.3652
-8.68332 -8.69687
-7.19795 -7.19885
-8.06188 -8.06089
-5.45475 -5.45459
-7.1057 -7.1073
-5.31854 -5.31903
-7.99483 -7.99968
-7.05256 -7.05047
-5.35807 -5.35781
-6.32009 -6.31573
-7.17442 -7.17245
-6.28011 -6.2808
-8.9123 -8.90899
-8.88238 -8.87948
-7.02379 -7.02289
-6.60202 -6.60234
-6.77408 -6.77242
-8.11978 -8.12066
-6.81156 -6.80985
-5.19851 -5.19836
-8.26205 -8.25608
-4.61908 -4.61255
-8.33175 -8.32919
-7.02406 -7.0217
-7.08103 -7.07706
-8.07087 -8.06692
-8.4835 -8.49309
-5.39731 -5.39788
-8.64128 -8.64465
-6.47832 -6.4772
-4.94808 -4.94149
-7.23206 -7.22969
-6.50133 -6.50406
-6.75897 -6.75734
-8.36942 -8.36593
-5.19179 -5.19043
-5.33148 -5.32988
-7.86134 -7.86872
-7.50467 -7.51496
-6.73118 -6.73135
-7.04565 -7.04912
-5.1289 -5.12387
-7.05178 -7.05551
-8.25997 -8.25427
-7.10282 -7.10534
-6.9079 -6.91027
-6.47236 -6.47091
-5.41346 -5.41333
-8.97343 -8.97142
-6.4924 -6.49158
-7.21593 -7.22071
-7.73466 -7.72846
-4.48316 -4.47731
-3.2973 -3.29432
-8.29083 -8.29868
-7.12378 -7.12368
-8.47359 -8.47356
-3.70412 -3.71092
-8.98609 -8.9818
-5.11996 -5.12502
-6.6703 -6.67018
-7.0751 -7.07434
-7.11793 -7.11614
-8.67811 -8.67784
-7.808 -7.81597
-8.50479 -8.50606
-5.2055 -5.20502
-8.42236 -8.39463
-8.29909 -8.30233
-7.10842 -7.10807
-7.04648 -7.04839
-8.67031 -8.66625
-6.30972 -6.30508
-8.34484 -8.34415
-7.18282 -7.18559
-7.39231 -7.3951
